[32m[0325 04:27:03 @logger.py:74][0m Argv: train.py --log log
[32m[0325 04:30:50 @parallel.py:282][0m [PrefetchDataZMQ] Will fork a dataflow more than one times. This assumes the datapoints are i.i.d.
[32m[0325 04:30:50 @interface.py:32][0m Automatically applying QueueInput on the DataFlow.
[32m[0325 04:30:50 @input_source.py:194][0m Setting up the queue 'QueueInput/input_queue' for CPU prefetching ...
[32m[0325 04:30:50 @registry.py:121][0m conv1/conv input: [None, 128, 128, 2]
[32m[0325 04:30:50 @registry.py:129][0m conv1/conv output: [None, 64, 64, 4]
[32m[0325 04:30:50 @develop.py:85][0m [5m[31mWRN[0m [Deprecated] LeakyReLU will be deprecated after 30 Mar. Use tf.nn.leaky_relu in TF 1.4 instead!
[32m[0325 04:30:50 @develop.py:85][0m [5m[31mWRN[0m [Deprecated] LeakyReLU will be deprecated after 30 Mar. Use tf.nn.leaky_relu in TF 1.4 instead!
[32m[0325 04:30:50 @registry.py:121][0m conv2/conv input: [None, 64, 64, 4]
[32m[0325 04:30:50 @registry.py:129][0m conv2/conv output: [None, 32, 32, 8]
[32m[0325 04:30:50 @develop.py:85][0m [5m[31mWRN[0m [Deprecated] LeakyReLU will be deprecated after 30 Mar. Use tf.nn.leaky_relu in TF 1.4 instead!
[32m[0325 04:30:50 @develop.py:85][0m [5m[31mWRN[0m [Deprecated] LeakyReLU will be deprecated after 30 Mar. Use tf.nn.leaky_relu in TF 1.4 instead!
[32m[0325 04:30:50 @registry.py:121][0m conv3/conv input: [None, 32, 32, 8]
[32m[0325 04:30:50 @registry.py:129][0m conv3/conv output: [None, 16, 16, 16]
[32m[0325 04:30:50 @develop.py:85][0m [5m[31mWRN[0m [Deprecated] LeakyReLU will be deprecated after 30 Mar. Use tf.nn.leaky_relu in TF 1.4 instead!
[32m[0325 04:30:50 @develop.py:85][0m [5m[31mWRN[0m [Deprecated] LeakyReLU will be deprecated after 30 Mar. Use tf.nn.leaky_relu in TF 1.4 instead!
[32m[0325 04:30:50 @registry.py:121][0m conv4/conv input: [None, 16, 16, 16]
[32m[0325 04:30:50 @registry.py:129][0m conv4/conv output: [None, 8, 8, 32]
[32m[0325 04:30:50 @develop.py:85][0m [5m[31mWRN[0m [Deprecated] LeakyReLU will be deprecated after 30 Mar. Use tf.nn.leaky_relu in TF 1.4 instead!
[32m[0325 04:30:50 @develop.py:85][0m [5m[31mWRN[0m [Deprecated] LeakyReLU will be deprecated after 30 Mar. Use tf.nn.leaky_relu in TF 1.4 instead!
[32m[0325 04:30:50 @registry.py:121][0m conv5/conv input: [None, 8, 8, 32]
[32m[0325 04:30:50 @registry.py:129][0m conv5/conv output: [None, 4, 4, 32]
[32m[0325 04:30:50 @develop.py:85][0m [5m[31mWRN[0m [Deprecated] LeakyReLU will be deprecated after 30 Mar. Use tf.nn.leaky_relu in TF 1.4 instead!
[32m[0325 04:30:51 @develop.py:85][0m [5m[31mWRN[0m [Deprecated] LeakyReLU will be deprecated after 30 Mar. Use tf.nn.leaky_relu in TF 1.4 instead!
[32m[0325 04:30:51 @registry.py:121][0m conv6/conv input: [None, 4, 4, 32]
[32m[0325 04:30:51 @registry.py:129][0m conv6/conv output: [None, 2, 2, 64]
[32m[0325 04:30:51 @develop.py:85][0m [5m[31mWRN[0m [Deprecated] LeakyReLU will be deprecated after 30 Mar. Use tf.nn.leaky_relu in TF 1.4 instead!
[32m[0325 04:30:51 @develop.py:85][0m [5m[31mWRN[0m [Deprecated] LeakyReLU will be deprecated after 30 Mar. Use tf.nn.leaky_relu in TF 1.4 instead!
[32m[0325 04:30:51 @registry.py:121][0m conv7/conv input: [None, 2, 2, 64]
[32m[0325 04:30:51 @registry.py:129][0m conv7/conv output: [None, 1, 1, 128]
[32m[0325 04:30:51 @develop.py:85][0m [5m[31mWRN[0m [Deprecated] LeakyReLU will be deprecated after 30 Mar. Use tf.nn.leaky_relu in TF 1.4 instead!
[32m[0325 04:30:51 @develop.py:85][0m [5m[31mWRN[0m [Deprecated] LeakyReLU will be deprecated after 30 Mar. Use tf.nn.leaky_relu in TF 1.4 instead!
[32m[0325 04:30:51 @registry.py:121][0m deconv6/deconv6/deconv6 input: [None, 1, 1, 256]
[32m[0325 04:30:51 @registry.py:129][0m deconv6/deconv6/deconv6 output: [None, 2, 2, 64]
[32m[0325 04:30:51 @develop.py:85][0m [5m[31mWRN[0m [Deprecated] LeakyReLU will be deprecated after 30 Mar. Use tf.nn.leaky_relu in TF 1.4 instead!
[32m[0325 04:30:51 @registry.py:121][0m deconv5/deconv5/deconv5 input: [None, 2, 2, 128]
[32m[0325 04:30:51 @registry.py:129][0m deconv5/deconv5/deconv5 output: [None, 4, 4, 32]
[32m[0325 04:30:51 @develop.py:85][0m [5m[31mWRN[0m [Deprecated] LeakyReLU will be deprecated after 30 Mar. Use tf.nn.leaky_relu in TF 1.4 instead!
[32m[0325 04:30:51 @registry.py:121][0m deconv4/deconv4/deconv4 input: [None, 4, 4, 64]
[32m[0325 04:30:51 @registry.py:129][0m deconv4/deconv4/deconv4 output: [None, 8, 8, 16]
[32m[0325 04:30:51 @develop.py:85][0m [5m[31mWRN[0m [Deprecated] LeakyReLU will be deprecated after 30 Mar. Use tf.nn.leaky_relu in TF 1.4 instead!
[32m[0325 04:30:51 @registry.py:121][0m deconv3/deconv3/deconv3 input: [None, 8, 8, 48]
[32m[0325 04:30:51 @registry.py:129][0m deconv3/deconv3/deconv3 output: [None, 16, 16, 8]
[32m[0325 04:30:51 @develop.py:85][0m [5m[31mWRN[0m [Deprecated] LeakyReLU will be deprecated after 30 Mar. Use tf.nn.leaky_relu in TF 1.4 instead!
[32m[0325 04:30:51 @registry.py:121][0m deconv2/deconv2/deconv2 input: [None, 16, 16, 24]
[32m[0325 04:30:51 @registry.py:129][0m deconv2/deconv2/deconv2 output: [None, 32, 32, 4]
[32m[0325 04:30:51 @develop.py:85][0m [5m[31mWRN[0m [Deprecated] LeakyReLU will be deprecated after 30 Mar. Use tf.nn.leaky_relu in TF 1.4 instead!
[32m[0325 04:30:51 @registry.py:121][0m deconv1/deconv1/deconv1 input: [None, 32, 32, 12]
[32m[0325 04:30:51 @registry.py:129][0m deconv1/deconv1/deconv1 output: [None, 64, 64, 4]
[32m[0325 04:30:51 @develop.py:85][0m [5m[31mWRN[0m [Deprecated] LeakyReLU will be deprecated after 30 Mar. Use tf.nn.leaky_relu in TF 1.4 instead!
[32m[0325 04:30:52 @model_utils.py:49][0m [36mModel Parameters: 
[0mname                         shape                dim
---------------------------  ----------------  ------
conv1/conv/W:0               [7, 7, 2, 4]         392
conv1/conv/b:0               [4]                    4
conv1_1/bn/beta:0            [4]                    4
conv1_1/bn/gamma:0           [4]                    4
conv1_1/conv2d/kernel:0      [7, 7, 4, 4]         784
conv1_1/conv2d/bias:0        [4]                    4
conv2/bn/beta:0              [4]                    4
conv2/bn/gamma:0             [4]                    4
conv2/conv/W:0               [7, 7, 4, 8]        1568
conv2/conv/b:0               [8]                    8
conv2_1/bn/beta:0            [8]                    8
conv2_1/bn/gamma:0           [8]                    8
conv2_1/conv2d/kernel:0      [7, 7, 8, 8]        3136
conv2_1/conv2d/bias:0        [8]                    8
conv3/bn/beta:0              [8]                    8
conv3/bn/gamma:0             [8]                    8
conv3/conv/W:0               [7, 7, 8, 16]       6272
conv3/conv/b:0               [16]                  16
conv3_1/bn/beta:0            [16]                  16
conv3_1/bn/gamma:0           [16]                  16
conv3_1/conv2d/kernel:0      [5, 5, 16, 16]      6400
conv3_1/conv2d/bias:0        [16]                  16
conv4/bn/beta:0              [16]                  16
conv4/bn/gamma:0             [16]                  16
conv4/conv/W:0               [5, 5, 16, 32]     12800
conv4/conv/b:0               [32]                  32
conv4_1/bn/beta:0            [32]                  32
conv4_1/bn/gamma:0           [32]                  32
conv4_1/conv2d/kernel:0      [5, 5, 32, 32]     25600
conv4_1/conv2d/bias:0        [32]                  32
conv5/bn/beta:0              [32]                  32
conv5/bn/gamma:0             [32]                  32
conv5/conv/W:0               [3, 3, 32, 32]      9216
conv5/conv/b:0               [32]                  32
conv5_1/bn/beta:0            [32]                  32
conv5_1/bn/gamma:0           [32]                  32
conv5_1/conv2d/kernel:0      [3, 3, 32, 32]      9216
conv5_1/conv2d/bias:0        [32]                  32
conv6/bn/beta:0              [32]                  32
conv6/bn/gamma:0             [32]                  32
conv6/conv/W:0               [3, 3, 32, 64]     18432
conv6/conv/b:0               [64]                  64
conv6_1/bn/beta:0            [64]                  64
conv6_1/bn/gamma:0           [64]                  64
conv6_1/conv2d/kernel:0      [3, 3, 64, 64]     36864
conv6_1/conv2d/bias:0        [64]                  64
conv7/bn/beta:0              [64]                  64
conv7/bn/gamma:0             [64]                  64
conv7/conv/W:0               [3, 3, 64, 128]    73728
conv7/conv/b:0               [128]                128
conv7_1/bn/beta:0            [128]                128
conv7_1/bn/gamma:0           [128]                128
conv7_1/conv2d/kernel:0      [3, 3, 128, 128]  147456
conv7_1/conv2d/bias:0        [128]                128
deconv6/deconv6/ln/beta:0    [256]                256
deconv6/deconv6/ln/gamma:0   [256]                256
deconv6/deconv6/deconv6/W:0  [5, 5, 64, 256]   409600
deconv6/deconv6/deconv6/b:0  [64]                  64
deconv5/deconv5/ln/beta:0    [128]                128
deconv5/deconv5/ln/gamma:0   [128]                128
deconv5/deconv5/deconv5/W:0  [5, 5, 32, 128]   102400
deconv5/deconv5/deconv5/b:0  [32]                  32
deconv4/deconv4/ln/beta:0    [64]                  64
deconv4/deconv4/ln/gamma:0   [64]                  64
deconv4/deconv4/deconv4/W:0  [5, 5, 16, 64]     25600
deconv4/deconv4/deconv4/b:0  [16]                  16
deconv3/deconv3/ln/beta:0    [48]                  48
deconv3/deconv3/ln/gamma:0   [48]                  48
deconv3/deconv3/deconv3/W:0  [5, 5, 8, 48]       9600
deconv3/deconv3/deconv3/b:0  [8]                    8
deconv2/deconv2/ln/beta:0    [24]                  24
deconv2/deconv2/ln/gamma:0   [24]                  24
deconv2/deconv2/deconv2/W:0  [5, 5, 4, 24]       2400
deconv2/deconv2/deconv2/b:0  [4]                    4
deconv1/deconv1/ln/beta:0    [12]                  12
deconv1/deconv1/ln/gamma:0   [12]                  12
deconv1/deconv1/deconv1/W:0  [5, 5, 4, 12]       1200
deconv1/deconv1/deconv1/b:0  [4]                    4
logit/bn/beta:0              [6]                    6
logit/bn/gamma:0             [6]                    6
logit/conv2d/kernel:0        [3, 3, 6, 1]          54
logit/conv2d/bias:0          [1]                    1[36m
Total #vars=82, #params=905371, size=3.45MB[0m
[32m[0325 04:30:52 @base.py:197][0m Setup callbacks graph ...
[32m[0325 04:30:53 @predict.py:42][0m Building predictor tower 'tower-pred-0' on device /gpu:0 ...
[32m[0325 04:30:53 @develop.py:85][0m [5m[31mWRN[0m [Deprecated] LeakyReLU will be deprecated after 30 Mar. Use tf.nn.leaky_relu in TF 1.4 instead!
[32m[0325 04:30:53 @develop.py:85][0m [5m[31mWRN[0m [Deprecated] LeakyReLU will be deprecated after 30 Mar. Use tf.nn.leaky_relu in TF 1.4 instead!
[32m[0325 04:30:53 @develop.py:85][0m [5m[31mWRN[0m [Deprecated] LeakyReLU will be deprecated after 30 Mar. Use tf.nn.leaky_relu in TF 1.4 instead!
[32m[0325 04:30:53 @develop.py:85][0m [5m[31mWRN[0m [Deprecated] LeakyReLU will be deprecated after 30 Mar. Use tf.nn.leaky_relu in TF 1.4 instead!
[32m[0325 04:30:53 @develop.py:85][0m [5m[31mWRN[0m [Deprecated] LeakyReLU will be deprecated after 30 Mar. Use tf.nn.leaky_relu in TF 1.4 instead!
[32m[0325 04:30:53 @develop.py:85][0m [5m[31mWRN[0m [Deprecated] LeakyReLU will be deprecated after 30 Mar. Use tf.nn.leaky_relu in TF 1.4 instead!
[32m[0325 04:30:53 @develop.py:85][0m [5m[31mWRN[0m [Deprecated] LeakyReLU will be deprecated after 30 Mar. Use tf.nn.leaky_relu in TF 1.4 instead!
[32m[0325 04:30:53 @develop.py:85][0m [5m[31mWRN[0m [Deprecated] LeakyReLU will be deprecated after 30 Mar. Use tf.nn.leaky_relu in TF 1.4 instead!
[32m[0325 04:30:53 @develop.py:85][0m [5m[31mWRN[0m [Deprecated] LeakyReLU will be deprecated after 30 Mar. Use tf.nn.leaky_relu in TF 1.4 instead!
[32m[0325 04:30:53 @develop.py:85][0m [5m[31mWRN[0m [Deprecated] LeakyReLU will be deprecated after 30 Mar. Use tf.nn.leaky_relu in TF 1.4 instead!
[32m[0325 04:30:53 @develop.py:85][0m [5m[31mWRN[0m [Deprecated] LeakyReLU will be deprecated after 30 Mar. Use tf.nn.leaky_relu in TF 1.4 instead!
[32m[0325 04:30:53 @develop.py:85][0m [5m[31mWRN[0m [Deprecated] LeakyReLU will be deprecated after 30 Mar. Use tf.nn.leaky_relu in TF 1.4 instead!
[32m[0325 04:30:53 @develop.py:85][0m [5m[31mWRN[0m [Deprecated] LeakyReLU will be deprecated after 30 Mar. Use tf.nn.leaky_relu in TF 1.4 instead!
[32m[0325 04:30:53 @develop.py:85][0m [5m[31mWRN[0m [Deprecated] LeakyReLU will be deprecated after 30 Mar. Use tf.nn.leaky_relu in TF 1.4 instead!
[32m[0325 04:30:53 @develop.py:85][0m [5m[31mWRN[0m [Deprecated] LeakyReLU will be deprecated after 30 Mar. Use tf.nn.leaky_relu in TF 1.4 instead!
[32m[0325 04:30:53 @develop.py:85][0m [5m[31mWRN[0m [Deprecated] LeakyReLU will be deprecated after 30 Mar. Use tf.nn.leaky_relu in TF 1.4 instead!
[32m[0325 04:30:53 @develop.py:85][0m [5m[31mWRN[0m [Deprecated] LeakyReLU will be deprecated after 30 Mar. Use tf.nn.leaky_relu in TF 1.4 instead!
[32m[0325 04:30:53 @develop.py:85][0m [5m[31mWRN[0m [Deprecated] LeakyReLU will be deprecated after 30 Mar. Use tf.nn.leaky_relu in TF 1.4 instead!
[32m[0325 04:30:53 @develop.py:85][0m [5m[31mWRN[0m [Deprecated] LeakyReLU will be deprecated after 30 Mar. Use tf.nn.leaky_relu in TF 1.4 instead!
[32m[0325 04:30:53 @develop.py:85][0m [5m[31mWRN[0m [Deprecated] LeakyReLU will be deprecated after 30 Mar. Use tf.nn.leaky_relu in TF 1.4 instead!
[32m[0325 04:30:53 @collection.py:140][0m Size of these collections were changed in tower-pred-0: (tf.GraphKeys.LOSSES: 1->2)
[32m[0325 04:30:53 @summary.py:34][0m Maintain moving average summary of 1 tensors.
[32m[0325 04:30:53 @graph.py:90][0m Applying collection UPDATE_OPS of 40 ops.
[32m[0325 04:30:54 @base.py:213][0m Creating the session ...
[32m[0325 04:30:56 @base.py:221][0m Initializing the session ...
[32m[0325 04:30:56 @base.py:228][0m Graph Finalized.
[32m[0325 04:30:56 @concurrency.py:38][0m Starting EnqueueThread QueueInput/input_queue ...
[32m[0325 04:30:56 @base.py:248][0m Start Epoch 1 ...
[32m[0325 04:33:17 @base.py:258][0m Epoch 1 (global_step 1000) finished, time:2 minutes 21 seconds.
[32m[0325 04:33:18 @saver.py:84][0m Model saved to log/model-1000.
[32m[0325 04:33:18 @param.py:149][0m [HyperParamSetter] At global_step=1000, learning_rate will change to 0.00100000
[32m[0325 04:33:18 @monitor.py:386][0m QueueInput/queue_size: 50
[32m[0325 04:33:18 @monitor.py:386][0m learn_rate: 0.001
[32m[0325 04:33:18 @monitor.py:386][0m sigmoid_cross_entropy_loss/value: 0.28306
[32m[0325 04:33:18 @base.py:248][0m Start Epoch 2 ...
[32m[0325 04:35:34 @base.py:258][0m Epoch 2 (global_step 2000) finished, time:2 minutes 16 seconds.
[32m[0325 04:35:35 @saver.py:84][0m Model saved to log/model-2000.
[32m[0325 04:35:35 @monitor.py:386][0m QueueInput/queue_size: 50
[32m[0325 04:35:35 @monitor.py:386][0m learn_rate: 0.001
[32m[0325 04:35:35 @monitor.py:386][0m sigmoid_cross_entropy_loss/value: 0.27111
[32m[0325 04:35:35 @base.py:248][0m Start Epoch 3 ...
[32m[0325 04:37:50 @base.py:258][0m Epoch 3 (global_step 3000) finished, time:2 minutes 14 seconds.
[32m[0325 04:37:50 @saver.py:84][0m Model saved to log/model-3000.
[32m[0325 04:37:50 @monitor.py:386][0m QueueInput/queue_size: 50
[32m[0325 04:37:50 @monitor.py:386][0m learn_rate: 0.001
[32m[0325 04:37:50 @monitor.py:386][0m sigmoid_cross_entropy_loss/value: 0.31087
[32m[0325 04:37:50 @base.py:248][0m Start Epoch 4 ...
[32m[0325 04:40:05 @base.py:258][0m Epoch 4 (global_step 4000) finished, time:2 minutes 15 seconds.
[32m[0325 04:40:06 @saver.py:84][0m Model saved to log/model-4000.
[32m[0325 04:40:06 @monitor.py:386][0m QueueInput/queue_size: 50
[32m[0325 04:40:06 @monitor.py:386][0m learn_rate: 0.001
[32m[0325 04:40:06 @monitor.py:386][0m sigmoid_cross_entropy_loss/value: 0.30913
[32m[0325 04:40:06 @base.py:248][0m Start Epoch 5 ...
[32m[0325 04:42:22 @base.py:258][0m Epoch 5 (global_step 5000) finished, time:2 minutes 15 seconds.
[32m[0325 04:42:22 @saver.py:84][0m Model saved to log/model-5000.
[32m[0325 04:42:22 @monitor.py:386][0m QueueInput/queue_size: 50
[32m[0325 04:42:22 @monitor.py:386][0m learn_rate: 0.001
[32m[0325 04:42:22 @monitor.py:386][0m sigmoid_cross_entropy_loss/value: 0.30949
[32m[0325 04:42:22 @base.py:248][0m Start Epoch 6 ...
[32m[0325 04:44:37 @base.py:258][0m Epoch 6 (global_step 6000) finished, time:2 minutes 15 seconds.
[32m[0325 04:44:37 @saver.py:84][0m Model saved to log/model-6000.
[32m[0325 04:44:37 @monitor.py:386][0m QueueInput/queue_size: 50
[32m[0325 04:44:37 @monitor.py:386][0m learn_rate: 0.001
[32m[0325 04:44:37 @monitor.py:386][0m sigmoid_cross_entropy_loss/value: 0.30788
[32m[0325 04:44:37 @base.py:248][0m Start Epoch 7 ...
[32m[0325 04:46:54 @base.py:258][0m Epoch 7 (global_step 7000) finished, time:2 minutes 16 seconds.
[32m[0325 04:46:54 @saver.py:84][0m Model saved to log/model-7000.
[32m[0325 04:46:54 @monitor.py:386][0m QueueInput/queue_size: 50
[32m[0325 04:46:54 @monitor.py:386][0m learn_rate: 0.001
[32m[0325 04:46:54 @monitor.py:386][0m sigmoid_cross_entropy_loss/value: 0.31601
[32m[0325 04:46:54 @base.py:248][0m Start Epoch 8 ...
[32m[0325 04:49:11 @base.py:258][0m Epoch 8 (global_step 8000) finished, time:2 minutes 16 seconds.
[32m[0325 04:49:11 @saver.py:84][0m Model saved to log/model-8000.
[32m[0325 04:49:11 @monitor.py:386][0m QueueInput/queue_size: 50
[32m[0325 04:49:11 @monitor.py:386][0m learn_rate: 0.001
[32m[0325 04:49:11 @monitor.py:386][0m sigmoid_cross_entropy_loss/value: 0.31608
[32m[0325 04:49:11 @base.py:248][0m Start Epoch 9 ...
[32m[0325 04:51:27 @base.py:258][0m Epoch 9 (global_step 9000) finished, time:2 minutes 15 seconds.
[32m[0325 04:51:27 @saver.py:84][0m Model saved to log/model-9000.
[32m[0325 04:51:27 @monitor.py:386][0m QueueInput/queue_size: 50
[32m[0325 04:51:27 @monitor.py:386][0m learn_rate: 0.001
[32m[0325 04:51:27 @monitor.py:386][0m sigmoid_cross_entropy_loss/value: 0.29838
[32m[0325 04:51:27 @base.py:248][0m Start Epoch 10 ...
[32m[0325 04:53:43 @base.py:258][0m Epoch 10 (global_step 10000) finished, time:2 minutes 15 seconds.
[32m[0325 04:53:43 @saver.py:84][0m Model saved to log/model-10000.
[32m[0325 04:53:43 @monitor.py:386][0m QueueInput/queue_size: 50
[32m[0325 04:53:43 @monitor.py:386][0m learn_rate: 0.001
[32m[0325 04:53:43 @monitor.py:386][0m sigmoid_cross_entropy_loss/value: 0.29596
[32m[0325 04:53:43 @base.py:248][0m Start Epoch 11 ...
[32m[0325 04:55:58 @base.py:258][0m Epoch 11 (global_step 11000) finished, time:2 minutes 15 seconds.
[32m[0325 04:55:58 @saver.py:84][0m Model saved to log/model-11000.
[32m[0325 04:55:58 @monitor.py:386][0m QueueInput/queue_size: 50
[32m[0325 04:55:58 @monitor.py:386][0m learn_rate: 0.001
[32m[0325 04:55:58 @monitor.py:386][0m sigmoid_cross_entropy_loss/value: 0.27932
[32m[0325 04:55:58 @base.py:248][0m Start Epoch 12 ...
[32m[0325 04:58:15 @base.py:258][0m Epoch 12 (global_step 12000) finished, time:2 minutes 16 seconds.
[32m[0325 04:58:15 @saver.py:84][0m Model saved to log/model-12000.
[32m[0325 04:58:15 @monitor.py:386][0m QueueInput/queue_size: 50
[32m[0325 04:58:15 @monitor.py:386][0m learn_rate: 0.001
[32m[0325 04:58:15 @monitor.py:386][0m sigmoid_cross_entropy_loss/value: 0.24829
[32m[0325 04:58:15 @base.py:248][0m Start Epoch 13 ...
[32m[0325 05:00:30 @base.py:258][0m Epoch 13 (global_step 13000) finished, time:2 minutes 15 seconds.
[32m[0325 05:00:31 @saver.py:84][0m Model saved to log/model-13000.
[32m[0325 05:00:31 @monitor.py:386][0m QueueInput/queue_size: 50
[32m[0325 05:00:31 @monitor.py:386][0m learn_rate: 0.001
[32m[0325 05:00:31 @monitor.py:386][0m sigmoid_cross_entropy_loss/value: 0.24417
[32m[0325 05:00:31 @base.py:248][0m Start Epoch 14 ...
[32m[0325 05:02:46 @base.py:258][0m Epoch 14 (global_step 14000) finished, time:2 minutes 15 seconds.
[32m[0325 05:02:46 @saver.py:84][0m Model saved to log/model-14000.
[32m[0325 05:02:46 @monitor.py:386][0m QueueInput/queue_size: 50
[32m[0325 05:02:46 @monitor.py:386][0m learn_rate: 0.001
[32m[0325 05:02:46 @monitor.py:386][0m sigmoid_cross_entropy_loss/value: 0.28504
[32m[0325 05:02:46 @base.py:248][0m Start Epoch 15 ...
[32m[0325 05:05:03 @base.py:258][0m Epoch 15 (global_step 15000) finished, time:2 minutes 16 seconds.
[32m[0325 05:05:04 @saver.py:84][0m Model saved to log/model-15000.
[32m[0325 05:05:04 @monitor.py:386][0m QueueInput/queue_size: 50
[32m[0325 05:05:04 @monitor.py:386][0m learn_rate: 0.001
[32m[0325 05:05:04 @monitor.py:386][0m sigmoid_cross_entropy_loss/value: 0.28988
[32m[0325 05:05:04 @base.py:248][0m Start Epoch 16 ...
[32m[0325 05:07:20 @base.py:258][0m Epoch 16 (global_step 16000) finished, time:2 minutes 16 seconds.
[32m[0325 05:07:20 @saver.py:84][0m Model saved to log/model-16000.
[32m[0325 05:07:20 @monitor.py:386][0m QueueInput/queue_size: 50
[32m[0325 05:07:20 @monitor.py:386][0m learn_rate: 0.001
[32m[0325 05:07:20 @monitor.py:386][0m sigmoid_cross_entropy_loss/value: 0.2884
[32m[0325 05:07:20 @base.py:248][0m Start Epoch 17 ...
[32m[0325 05:09:35 @base.py:258][0m Epoch 17 (global_step 17000) finished, time:2 minutes 15 seconds.
[32m[0325 05:09:36 @saver.py:84][0m Model saved to log/model-17000.
[32m[0325 05:09:36 @monitor.py:386][0m QueueInput/queue_size: 50
[32m[0325 05:09:36 @monitor.py:386][0m learn_rate: 0.001
[32m[0325 05:09:36 @monitor.py:386][0m sigmoid_cross_entropy_loss/value: 0.28769
[32m[0325 05:09:36 @base.py:248][0m Start Epoch 18 ...
[32m[0325 05:11:52 @base.py:258][0m Epoch 18 (global_step 18000) finished, time:2 minutes 16 seconds.
[32m[0325 05:11:53 @saver.py:84][0m Model saved to log/model-18000.
[32m[0325 05:11:53 @monitor.py:386][0m QueueInput/queue_size: 50
[32m[0325 05:11:53 @monitor.py:386][0m learn_rate: 0.001
[32m[0325 05:11:53 @monitor.py:386][0m sigmoid_cross_entropy_loss/value: 0.29623
[32m[0325 05:11:53 @base.py:248][0m Start Epoch 19 ...
[32m[0325 05:14:08 @base.py:258][0m Epoch 19 (global_step 19000) finished, time:2 minutes 15 seconds.
[32m[0325 05:14:08 @saver.py:84][0m Model saved to log/model-19000.
[32m[0325 05:14:08 @monitor.py:386][0m QueueInput/queue_size: 50
[32m[0325 05:14:08 @monitor.py:386][0m learn_rate: 0.001
[32m[0325 05:14:08 @monitor.py:386][0m sigmoid_cross_entropy_loss/value: 0.2941
[32m[0325 05:14:08 @base.py:248][0m Start Epoch 20 ...
[32m[0325 05:16:24 @base.py:258][0m Epoch 20 (global_step 20000) finished, time:2 minutes 15 seconds.
[32m[0325 05:16:24 @saver.py:84][0m Model saved to log/model-20000.
[32m[0325 05:16:24 @monitor.py:386][0m QueueInput/queue_size: 50
[32m[0325 05:16:24 @monitor.py:386][0m learn_rate: 0.001
[32m[0325 05:16:24 @monitor.py:386][0m sigmoid_cross_entropy_loss/value: 0.286
[32m[0325 05:16:24 @base.py:248][0m Start Epoch 21 ...
[32m[0325 05:18:40 @base.py:258][0m Epoch 21 (global_step 21000) finished, time:2 minutes 16 seconds.
[32m[0325 05:18:40 @saver.py:84][0m Model saved to log/model-21000.
[32m[0325 05:18:40 @monitor.py:386][0m QueueInput/queue_size: 50
[32m[0325 05:18:40 @monitor.py:386][0m learn_rate: 0.001
[32m[0325 05:18:40 @monitor.py:386][0m sigmoid_cross_entropy_loss/value: 0.28361
[32m[0325 05:18:40 @base.py:248][0m Start Epoch 22 ...
[32m[0325 05:20:57 @base.py:258][0m Epoch 22 (global_step 22000) finished, time:2 minutes 16 seconds.
[32m[0325 05:20:57 @saver.py:84][0m Model saved to log/model-22000.
[32m[0325 05:20:57 @monitor.py:386][0m QueueInput/queue_size: 50
[32m[0325 05:20:57 @monitor.py:386][0m learn_rate: 0.001
[32m[0325 05:20:57 @monitor.py:386][0m sigmoid_cross_entropy_loss/value: 0.27097
[32m[0325 05:20:57 @base.py:248][0m Start Epoch 23 ...
[32m[0325 05:23:14 @base.py:258][0m Epoch 23 (global_step 23000) finished, time:2 minutes 16 seconds.
[32m[0325 05:23:15 @saver.py:84][0m Model saved to log/model-23000.
[32m[0325 05:23:15 @monitor.py:386][0m QueueInput/queue_size: 50
[32m[0325 05:23:15 @monitor.py:386][0m learn_rate: 0.001
[32m[0325 05:23:15 @monitor.py:386][0m sigmoid_cross_entropy_loss/value: 0.24036
[32m[0325 05:23:15 @base.py:248][0m Start Epoch 24 ...
[32m[0325 05:25:31 @base.py:258][0m Epoch 24 (global_step 24000) finished, time:2 minutes 16 seconds.
[32m[0325 05:25:31 @saver.py:84][0m Model saved to log/model-24000.
[32m[0325 05:25:31 @monitor.py:386][0m QueueInput/queue_size: 50
[32m[0325 05:25:31 @monitor.py:386][0m learn_rate: 0.001
[32m[0325 05:25:31 @monitor.py:386][0m sigmoid_cross_entropy_loss/value: 0.235
[32m[0325 05:25:31 @base.py:248][0m Start Epoch 25 ...
[32m[0325 05:27:48 @base.py:258][0m Epoch 25 (global_step 25000) finished, time:2 minutes 16 seconds.
[32m[0325 05:27:48 @saver.py:84][0m Model saved to log/model-25000.
[32m[0325 05:27:48 @monitor.py:386][0m QueueInput/queue_size: 50
[32m[0325 05:27:48 @monitor.py:386][0m learn_rate: 0.001
[32m[0325 05:27:48 @monitor.py:386][0m sigmoid_cross_entropy_loss/value: 0.26985
[32m[0325 05:27:48 @base.py:248][0m Start Epoch 26 ...
[32m[0325 05:30:05 @base.py:258][0m Epoch 26 (global_step 26000) finished, time:2 minutes 16 seconds.
[32m[0325 05:30:05 @saver.py:84][0m Model saved to log/model-26000.
[32m[0325 05:30:05 @monitor.py:386][0m QueueInput/queue_size: 50
[32m[0325 05:30:05 @monitor.py:386][0m learn_rate: 0.001
[32m[0325 05:30:05 @monitor.py:386][0m sigmoid_cross_entropy_loss/value: 0.27513
[32m[0325 05:30:05 @base.py:248][0m Start Epoch 27 ...
[32m[0325 05:32:21 @base.py:258][0m Epoch 27 (global_step 27000) finished, time:2 minutes 15 seconds.
[32m[0325 05:32:21 @saver.py:84][0m Model saved to log/model-27000.
[32m[0325 05:32:21 @monitor.py:386][0m QueueInput/queue_size: 50
[32m[0325 05:32:21 @monitor.py:386][0m learn_rate: 0.001
[32m[0325 05:32:21 @monitor.py:386][0m sigmoid_cross_entropy_loss/value: 0.28305
[32m[0325 05:32:21 @base.py:248][0m Start Epoch 28 ...
[32m[0325 05:34:37 @base.py:258][0m Epoch 28 (global_step 28000) finished, time:2 minutes 15 seconds.
[32m[0325 05:34:37 @saver.py:84][0m Model saved to log/model-28000.
[32m[0325 05:34:37 @monitor.py:386][0m QueueInput/queue_size: 50
[32m[0325 05:34:37 @monitor.py:386][0m learn_rate: 0.001
[32m[0325 05:34:37 @monitor.py:386][0m sigmoid_cross_entropy_loss/value: 0.28071
[32m[0325 05:34:37 @base.py:248][0m Start Epoch 29 ...
[32m[0325 05:36:53 @base.py:258][0m Epoch 29 (global_step 29000) finished, time:2 minutes 15 seconds.
[32m[0325 05:36:53 @saver.py:84][0m Model saved to log/model-29000.
[32m[0325 05:36:53 @monitor.py:386][0m QueueInput/queue_size: 50
[32m[0325 05:36:53 @monitor.py:386][0m learn_rate: 0.001
[32m[0325 05:36:53 @monitor.py:386][0m sigmoid_cross_entropy_loss/value: 0.29176
[32m[0325 05:36:53 @base.py:248][0m Start Epoch 30 ...
[32m[0325 05:39:09 @base.py:258][0m Epoch 30 (global_step 30000) finished, time:2 minutes 16 seconds.
[32m[0325 05:39:10 @saver.py:84][0m Model saved to log/model-30000.
[32m[0325 05:39:10 @monitor.py:386][0m QueueInput/queue_size: 50
[32m[0325 05:39:10 @monitor.py:386][0m learn_rate: 0.001
[32m[0325 05:39:10 @monitor.py:386][0m sigmoid_cross_entropy_loss/value: 0.29425
[32m[0325 05:39:10 @base.py:248][0m Start Epoch 31 ...
[32m[0325 05:41:26 @base.py:258][0m Epoch 31 (global_step 31000) finished, time:2 minutes 16 seconds.
[32m[0325 05:41:26 @saver.py:84][0m Model saved to log/model-31000.
[32m[0325 05:41:26 @monitor.py:386][0m QueueInput/queue_size: 50
[32m[0325 05:41:26 @monitor.py:386][0m learn_rate: 0.001
[32m[0325 05:41:26 @monitor.py:386][0m sigmoid_cross_entropy_loss/value: 0.27511
[32m[0325 05:41:26 @base.py:248][0m Start Epoch 32 ...
[32m[0325 05:43:41 @base.py:258][0m Epoch 32 (global_step 32000) finished, time:2 minutes 15 seconds.
[32m[0325 05:43:42 @saver.py:84][0m Model saved to log/model-32000.
[32m[0325 05:43:42 @monitor.py:386][0m QueueInput/queue_size: 50
[32m[0325 05:43:42 @monitor.py:386][0m learn_rate: 0.001
[32m[0325 05:43:42 @monitor.py:386][0m sigmoid_cross_entropy_loss/value: 0.27493
[32m[0325 05:43:42 @base.py:248][0m Start Epoch 33 ...
[32m[0325 05:45:57 @base.py:258][0m Epoch 33 (global_step 33000) finished, time:2 minutes 15 seconds.
[32m[0325 05:45:58 @saver.py:84][0m Model saved to log/model-33000.
[32m[0325 05:45:58 @monitor.py:386][0m QueueInput/queue_size: 50
[32m[0325 05:45:58 @monitor.py:386][0m learn_rate: 0.001
[32m[0325 05:45:58 @monitor.py:386][0m sigmoid_cross_entropy_loss/value: 0.26789
[32m[0325 05:45:58 @base.py:248][0m Start Epoch 34 ...
[32m[0325 05:48:13 @base.py:258][0m Epoch 34 (global_step 34000) finished, time:2 minutes 15 seconds.
[32m[0325 05:48:13 @saver.py:84][0m Model saved to log/model-34000.
[32m[0325 05:48:13 @monitor.py:386][0m QueueInput/queue_size: 50
[32m[0325 05:48:13 @monitor.py:386][0m learn_rate: 0.001
[32m[0325 05:48:13 @monitor.py:386][0m sigmoid_cross_entropy_loss/value: 0.23038
[32m[0325 05:48:13 @base.py:248][0m Start Epoch 35 ...
[32m[0325 05:50:28 @base.py:258][0m Epoch 35 (global_step 35000) finished, time:2 minutes 14 seconds.
[32m[0325 05:50:28 @saver.py:84][0m Model saved to log/model-35000.
[32m[0325 05:50:28 @monitor.py:386][0m QueueInput/queue_size: 50
[32m[0325 05:50:28 @monitor.py:386][0m learn_rate: 0.001
[32m[0325 05:50:28 @monitor.py:386][0m sigmoid_cross_entropy_loss/value: 0.22745
[32m[0325 05:50:28 @base.py:248][0m Start Epoch 36 ...
[32m[0325 05:52:45 @base.py:258][0m Epoch 36 (global_step 36000) finished, time:2 minutes 16 seconds.
[32m[0325 05:52:45 @saver.py:84][0m Model saved to log/model-36000.
[32m[0325 05:52:45 @monitor.py:386][0m QueueInput/queue_size: 50
[32m[0325 05:52:45 @monitor.py:386][0m learn_rate: 0.001
[32m[0325 05:52:45 @monitor.py:386][0m sigmoid_cross_entropy_loss/value: 0.26785
[32m[0325 05:52:45 @base.py:248][0m Start Epoch 37 ...
[32m[0325 05:55:00 @base.py:258][0m Epoch 37 (global_step 37000) finished, time:2 minutes 14 seconds.
[32m[0325 05:55:00 @saver.py:84][0m Model saved to log/model-37000.
[32m[0325 05:55:00 @monitor.py:386][0m QueueInput/queue_size: 50
[32m[0325 05:55:00 @monitor.py:386][0m learn_rate: 0.001
[32m[0325 05:55:00 @monitor.py:386][0m sigmoid_cross_entropy_loss/value: 0.27323
[32m[0325 05:55:00 @base.py:248][0m Start Epoch 38 ...
[32m[0325 05:57:15 @base.py:258][0m Epoch 38 (global_step 38000) finished, time:2 minutes 14 seconds.
[32m[0325 05:57:16 @saver.py:84][0m Model saved to log/model-38000.
[32m[0325 05:57:16 @monitor.py:386][0m QueueInput/queue_size: 50
[32m[0325 05:57:16 @monitor.py:386][0m learn_rate: 0.001
[32m[0325 05:57:16 @monitor.py:386][0m sigmoid_cross_entropy_loss/value: 0.27783
[32m[0325 05:57:16 @base.py:248][0m Start Epoch 39 ...
[32m[0325 05:59:31 @base.py:258][0m Epoch 39 (global_step 39000) finished, time:2 minutes 15 seconds.
[32m[0325 05:59:32 @saver.py:84][0m Model saved to log/model-39000.
[32m[0325 05:59:32 @monitor.py:386][0m QueueInput/queue_size: 50
[32m[0325 05:59:32 @monitor.py:386][0m learn_rate: 0.001
[32m[0325 05:59:32 @monitor.py:386][0m sigmoid_cross_entropy_loss/value: 0.27797
[32m[0325 05:59:32 @base.py:248][0m Start Epoch 40 ...
[32m[0325 06:01:48 @base.py:258][0m Epoch 40 (global_step 40000) finished, time:2 minutes 16 seconds.
[32m[0325 06:01:49 @saver.py:84][0m Model saved to log/model-40000.
[32m[0325 06:01:49 @monitor.py:386][0m QueueInput/queue_size: 50
[32m[0325 06:01:49 @monitor.py:386][0m learn_rate: 0.001
[32m[0325 06:01:49 @monitor.py:386][0m sigmoid_cross_entropy_loss/value: 0.2824
[32m[0325 06:01:49 @base.py:248][0m Start Epoch 41 ...
[32m[0325 06:04:06 @base.py:258][0m Epoch 41 (global_step 41000) finished, time:2 minutes 16 seconds.
[32m[0325 06:04:06 @saver.py:84][0m Model saved to log/model-41000.
[32m[0325 06:04:06 @monitor.py:386][0m QueueInput/queue_size: 50
[32m[0325 06:04:06 @monitor.py:386][0m learn_rate: 0.001
[32m[0325 06:04:06 @monitor.py:386][0m sigmoid_cross_entropy_loss/value: 0.28433
[32m[0325 06:04:06 @base.py:248][0m Start Epoch 42 ...
[32m[0325 06:06:23 @base.py:258][0m Epoch 42 (global_step 42000) finished, time:2 minutes 16 seconds.
[32m[0325 06:06:23 @saver.py:84][0m Model saved to log/model-42000.
[32m[0325 06:06:23 @monitor.py:386][0m QueueInput/queue_size: 50
[32m[0325 06:06:23 @monitor.py:386][0m learn_rate: 0.001
[32m[0325 06:06:23 @monitor.py:386][0m sigmoid_cross_entropy_loss/value: 0.27474
[32m[0325 06:06:23 @base.py:248][0m Start Epoch 43 ...
[32m[0325 06:08:39 @base.py:258][0m Epoch 43 (global_step 43000) finished, time:2 minutes 16 seconds.
[32m[0325 06:08:39 @saver.py:84][0m Model saved to log/model-43000.
[32m[0325 06:08:39 @monitor.py:386][0m QueueInput/queue_size: 50
[32m[0325 06:08:39 @monitor.py:386][0m learn_rate: 0.001
[32m[0325 06:08:39 @monitor.py:386][0m sigmoid_cross_entropy_loss/value: 0.26655
[32m[0325 06:08:39 @base.py:248][0m Start Epoch 44 ...
[32m[0325 06:10:55 @base.py:258][0m Epoch 44 (global_step 44000) finished, time:2 minutes 15 seconds.
[32m[0325 06:10:55 @saver.py:84][0m Model saved to log/model-44000.
[32m[0325 06:10:55 @monitor.py:386][0m QueueInput/queue_size: 50
[32m[0325 06:10:55 @monitor.py:386][0m learn_rate: 0.001
[32m[0325 06:10:55 @monitor.py:386][0m sigmoid_cross_entropy_loss/value: 0.26117
[32m[0325 06:10:55 @base.py:248][0m Start Epoch 45 ...
[32m[0325 06:13:10 @base.py:258][0m Epoch 45 (global_step 45000) finished, time:2 minutes 14 seconds.
[32m[0325 06:13:11 @saver.py:84][0m Model saved to log/model-45000.
[32m[0325 06:13:11 @monitor.py:386][0m QueueInput/queue_size: 50
[32m[0325 06:13:11 @monitor.py:386][0m learn_rate: 0.001
[32m[0325 06:13:11 @monitor.py:386][0m sigmoid_cross_entropy_loss/value: 0.22796
[32m[0325 06:13:11 @base.py:248][0m Start Epoch 46 ...
[32m[0325 06:15:26 @base.py:258][0m Epoch 46 (global_step 46000) finished, time:2 minutes 15 seconds.
[32m[0325 06:15:26 @saver.py:84][0m Model saved to log/model-46000.
[32m[0325 06:15:26 @monitor.py:386][0m QueueInput/queue_size: 50
[32m[0325 06:15:26 @monitor.py:386][0m learn_rate: 0.001
[32m[0325 06:15:26 @monitor.py:386][0m sigmoid_cross_entropy_loss/value: 0.22644
[32m[0325 06:15:26 @base.py:248][0m Start Epoch 47 ...
[32m[0325 06:17:42 @base.py:258][0m Epoch 47 (global_step 47000) finished, time:2 minutes 15 seconds.
[32m[0325 06:17:42 @saver.py:84][0m Model saved to log/model-47000.
[32m[0325 06:17:42 @monitor.py:386][0m QueueInput/queue_size: 50
[32m[0325 06:17:42 @monitor.py:386][0m learn_rate: 0.001
[32m[0325 06:17:42 @monitor.py:386][0m sigmoid_cross_entropy_loss/value: 0.2623
[32m[0325 06:17:42 @base.py:248][0m Start Epoch 48 ...
[32m[0325 06:19:58 @base.py:258][0m Epoch 48 (global_step 48000) finished, time:2 minutes 16 seconds.
[32m[0325 06:19:59 @saver.py:84][0m Model saved to log/model-48000.
[32m[0325 06:19:59 @monitor.py:386][0m QueueInput/queue_size: 50
[32m[0325 06:19:59 @monitor.py:386][0m learn_rate: 0.001
[32m[0325 06:19:59 @monitor.py:386][0m sigmoid_cross_entropy_loss/value: 0.27067
[32m[0325 06:19:59 @base.py:248][0m Start Epoch 49 ...
[32m[0325 06:22:14 @base.py:258][0m Epoch 49 (global_step 49000) finished, time:2 minutes 15 seconds.
[32m[0325 06:22:15 @saver.py:84][0m Model saved to log/model-49000.
[32m[0325 06:22:15 @monitor.py:386][0m QueueInput/queue_size: 50
[32m[0325 06:22:15 @monitor.py:386][0m learn_rate: 0.001
[32m[0325 06:22:15 @monitor.py:386][0m sigmoid_cross_entropy_loss/value: 0.27387
[32m[0325 06:22:15 @base.py:248][0m Start Epoch 50 ...
[32m[0325 06:24:31 @base.py:258][0m Epoch 50 (global_step 50000) finished, time:2 minutes 16 seconds.
[32m[0325 06:24:32 @saver.py:84][0m Model saved to log/model-50000.
[32m[0325 06:24:32 @monitor.py:386][0m QueueInput/queue_size: 50
[32m[0325 06:24:32 @monitor.py:386][0m learn_rate: 0.001
[32m[0325 06:24:32 @monitor.py:386][0m sigmoid_cross_entropy_loss/value: 0.27609
[32m[0325 06:24:32 @base.py:248][0m Start Epoch 51 ...
[32m[0325 06:26:48 @base.py:258][0m Epoch 51 (global_step 51000) finished, time:2 minutes 15 seconds.
[32m[0325 06:26:48 @saver.py:84][0m Model saved to log/model-51000.
[32m[0325 06:26:48 @monitor.py:386][0m QueueInput/queue_size: 50
[32m[0325 06:26:48 @monitor.py:386][0m learn_rate: 0.001
[32m[0325 06:26:48 @monitor.py:386][0m sigmoid_cross_entropy_loss/value: 0.27846
[32m[0325 06:26:48 @base.py:248][0m Start Epoch 52 ...
[32m[0325 06:29:04 @base.py:258][0m Epoch 52 (global_step 52000) finished, time:2 minutes 16 seconds.
[32m[0325 06:29:04 @saver.py:84][0m Model saved to log/model-52000.
[32m[0325 06:29:04 @monitor.py:386][0m QueueInput/queue_size: 50
[32m[0325 06:29:04 @monitor.py:386][0m learn_rate: 0.001
[32m[0325 06:29:04 @monitor.py:386][0m sigmoid_cross_entropy_loss/value: 0.2782
[32m[0325 06:29:04 @base.py:248][0m Start Epoch 53 ...
[32m[0325 06:31:21 @base.py:258][0m Epoch 53 (global_step 53000) finished, time:2 minutes 16 seconds.
[32m[0325 06:31:22 @saver.py:84][0m Model saved to log/model-53000.
[32m[0325 06:31:22 @monitor.py:386][0m QueueInput/queue_size: 50
[32m[0325 06:31:22 @monitor.py:386][0m learn_rate: 0.001
[32m[0325 06:31:22 @monitor.py:386][0m sigmoid_cross_entropy_loss/value: 0.27236
[32m[0325 06:31:22 @base.py:248][0m Start Epoch 54 ...
[32m[0325 06:33:38 @base.py:258][0m Epoch 54 (global_step 54000) finished, time:2 minutes 16 seconds.
[32m[0325 06:33:39 @saver.py:84][0m Model saved to log/model-54000.
[32m[0325 06:33:39 @monitor.py:386][0m QueueInput/queue_size: 50
[32m[0325 06:33:39 @monitor.py:386][0m learn_rate: 0.001
[32m[0325 06:33:39 @monitor.py:386][0m sigmoid_cross_entropy_loss/value: 0.26538
[32m[0325 06:33:39 @base.py:248][0m Start Epoch 55 ...
[32m[0325 06:35:55 @base.py:258][0m Epoch 55 (global_step 55000) finished, time:2 minutes 16 seconds.
[32m[0325 06:35:56 @saver.py:84][0m Model saved to log/model-55000.
[32m[0325 06:35:56 @monitor.py:386][0m QueueInput/queue_size: 50
[32m[0325 06:35:56 @monitor.py:386][0m learn_rate: 0.001
[32m[0325 06:35:56 @monitor.py:386][0m sigmoid_cross_entropy_loss/value: 0.25768
[32m[0325 06:35:56 @base.py:248][0m Start Epoch 56 ...
[32m[0325 06:38:12 @base.py:258][0m Epoch 56 (global_step 56000) finished, time:2 minutes 16 seconds.
[32m[0325 06:38:12 @saver.py:84][0m Model saved to log/model-56000.
[32m[0325 06:38:12 @monitor.py:386][0m QueueInput/queue_size: 50
[32m[0325 06:38:12 @monitor.py:386][0m learn_rate: 0.001
[32m[0325 06:38:12 @monitor.py:386][0m sigmoid_cross_entropy_loss/value: 0.2286
[32m[0325 06:38:12 @base.py:248][0m Start Epoch 57 ...
[32m[0325 06:40:29 @base.py:258][0m Epoch 57 (global_step 57000) finished, time:2 minutes 16 seconds.
[32m[0325 06:40:29 @saver.py:84][0m Model saved to log/model-57000.
[32m[0325 06:40:29 @monitor.py:386][0m QueueInput/queue_size: 50
[32m[0325 06:40:29 @monitor.py:386][0m learn_rate: 0.001
[32m[0325 06:40:29 @monitor.py:386][0m sigmoid_cross_entropy_loss/value: 0.22398
[32m[0325 06:40:29 @base.py:248][0m Start Epoch 58 ...
[32m[0325 06:42:45 @base.py:258][0m Epoch 58 (global_step 58000) finished, time:2 minutes 16 seconds.
[32m[0325 06:42:46 @saver.py:84][0m Model saved to log/model-58000.
[32m[0325 06:42:46 @monitor.py:386][0m QueueInput/queue_size: 50
[32m[0325 06:42:46 @monitor.py:386][0m learn_rate: 0.001
[32m[0325 06:42:46 @monitor.py:386][0m sigmoid_cross_entropy_loss/value: 0.2558
[32m[0325 06:42:46 @base.py:248][0m Start Epoch 59 ...
[32m[0325 06:45:02 @base.py:258][0m Epoch 59 (global_step 59000) finished, time:2 minutes 16 seconds.
[32m[0325 06:45:02 @saver.py:84][0m Model saved to log/model-59000.
[32m[0325 06:45:02 @monitor.py:386][0m QueueInput/queue_size: 50
[32m[0325 06:45:02 @monitor.py:386][0m learn_rate: 0.001
[32m[0325 06:45:02 @monitor.py:386][0m sigmoid_cross_entropy_loss/value: 0.26263
[32m[0325 06:45:02 @base.py:248][0m Start Epoch 60 ...
[32m[0325 06:47:18 @base.py:258][0m Epoch 60 (global_step 60000) finished, time:2 minutes 15 seconds.
[32m[0325 06:47:18 @saver.py:84][0m Model saved to log/model-60000.
[32m[0325 06:47:18 @monitor.py:386][0m QueueInput/queue_size: 50
[32m[0325 06:47:18 @monitor.py:386][0m learn_rate: 0.001
[32m[0325 06:47:18 @monitor.py:386][0m sigmoid_cross_entropy_loss/value: 0.27371
[32m[0325 06:47:18 @base.py:248][0m Start Epoch 61 ...
[32m[0325 06:49:35 @base.py:258][0m Epoch 61 (global_step 61000) finished, time:2 minutes 16 seconds.
[32m[0325 06:49:35 @saver.py:84][0m Model saved to log/model-61000.
[32m[0325 06:49:35 @monitor.py:386][0m QueueInput/queue_size: 50
[32m[0325 06:49:35 @monitor.py:386][0m learn_rate: 0.001
[32m[0325 06:49:35 @monitor.py:386][0m sigmoid_cross_entropy_loss/value: 0.27041
[32m[0325 06:49:35 @base.py:248][0m Start Epoch 62 ...
[32m[0325 06:51:51 @base.py:258][0m Epoch 62 (global_step 62000) finished, time:2 minutes 16 seconds.
[32m[0325 06:51:52 @saver.py:84][0m Model saved to log/model-62000.
[32m[0325 06:51:52 @monitor.py:386][0m QueueInput/queue_size: 50
[32m[0325 06:51:52 @monitor.py:386][0m learn_rate: 0.001
[32m[0325 06:51:52 @monitor.py:386][0m sigmoid_cross_entropy_loss/value: 0.27785
[32m[0325 06:51:52 @base.py:248][0m Start Epoch 63 ...
[32m[0325 06:54:08 @base.py:258][0m Epoch 63 (global_step 63000) finished, time:2 minutes 16 seconds.
[32m[0325 06:54:09 @saver.py:84][0m Model saved to log/model-63000.
[32m[0325 06:54:09 @monitor.py:386][0m QueueInput/queue_size: 50
[32m[0325 06:54:09 @monitor.py:386][0m learn_rate: 0.001
[32m[0325 06:54:09 @monitor.py:386][0m sigmoid_cross_entropy_loss/value: 0.27922
[32m[0325 06:54:09 @base.py:248][0m Start Epoch 64 ...
[32m[0325 06:56:25 @base.py:258][0m Epoch 64 (global_step 64000) finished, time:2 minutes 15 seconds.
[32m[0325 06:56:25 @saver.py:84][0m Model saved to log/model-64000.
[32m[0325 06:56:25 @monitor.py:386][0m QueueInput/queue_size: 50
[32m[0325 06:56:25 @monitor.py:386][0m learn_rate: 0.001
[32m[0325 06:56:25 @monitor.py:386][0m sigmoid_cross_entropy_loss/value: 0.26171
[32m[0325 06:56:25 @base.py:248][0m Start Epoch 65 ...
[32m[0325 06:58:40 @base.py:258][0m Epoch 65 (global_step 65000) finished, time:2 minutes 15 seconds.
[32m[0325 06:58:41 @saver.py:84][0m Model saved to log/model-65000.
[32m[0325 06:58:41 @monitor.py:386][0m QueueInput/queue_size: 50
[32m[0325 06:58:41 @monitor.py:386][0m learn_rate: 0.001
[32m[0325 06:58:41 @monitor.py:386][0m sigmoid_cross_entropy_loss/value: 0.26273
[32m[0325 06:58:41 @base.py:248][0m Start Epoch 66 ...
[32m[0325 07:00:56 @base.py:258][0m Epoch 66 (global_step 66000) finished, time:2 minutes 15 seconds.
[32m[0325 07:00:57 @saver.py:84][0m Model saved to log/model-66000.
[32m[0325 07:00:57 @monitor.py:386][0m QueueInput/queue_size: 50
[32m[0325 07:00:57 @monitor.py:386][0m learn_rate: 0.001
[32m[0325 07:00:57 @monitor.py:386][0m sigmoid_cross_entropy_loss/value: 0.2589
[32m[0325 07:00:57 @base.py:248][0m Start Epoch 67 ...
[32m[0325 07:03:13 @base.py:258][0m Epoch 67 (global_step 67000) finished, time:2 minutes 16 seconds.
[32m[0325 07:03:14 @saver.py:84][0m Model saved to log/model-67000.
[32m[0325 07:03:14 @monitor.py:386][0m QueueInput/queue_size: 50
[32m[0325 07:03:14 @monitor.py:386][0m learn_rate: 0.001
[32m[0325 07:03:14 @monitor.py:386][0m sigmoid_cross_entropy_loss/value: 0.22474
[32m[0325 07:03:14 @base.py:248][0m Start Epoch 68 ...
[32m[0325 07:05:29 @base.py:258][0m Epoch 68 (global_step 68000) finished, time:2 minutes 14 seconds.
[32m[0325 07:05:29 @saver.py:84][0m Model saved to log/model-68000.
[32m[0325 07:05:29 @monitor.py:386][0m QueueInput/queue_size: 50
[32m[0325 07:05:29 @monitor.py:386][0m learn_rate: 0.001
[32m[0325 07:05:29 @monitor.py:386][0m sigmoid_cross_entropy_loss/value: 0.22437
[32m[0325 07:05:29 @base.py:248][0m Start Epoch 69 ...
[32m[0325 07:07:45 @base.py:258][0m Epoch 69 (global_step 69000) finished, time:2 minutes 15 seconds.
[32m[0325 07:07:45 @saver.py:84][0m Model saved to log/model-69000.
[32m[0325 07:07:45 @monitor.py:386][0m QueueInput/queue_size: 50
[32m[0325 07:07:45 @monitor.py:386][0m learn_rate: 0.001
[32m[0325 07:07:45 @monitor.py:386][0m sigmoid_cross_entropy_loss/value: 0.2575
[32m[0325 07:07:45 @base.py:248][0m Start Epoch 70 ...
[32m[0325 07:10:00 @base.py:258][0m Epoch 70 (global_step 70000) finished, time:2 minutes 15 seconds.
[32m[0325 07:10:01 @saver.py:84][0m Model saved to log/model-70000.
[32m[0325 07:10:01 @monitor.py:386][0m QueueInput/queue_size: 50
[32m[0325 07:10:01 @monitor.py:386][0m learn_rate: 0.001
[32m[0325 07:10:01 @monitor.py:386][0m sigmoid_cross_entropy_loss/value: 0.26618
[32m[0325 07:10:01 @base.py:248][0m Start Epoch 71 ...
[32m[0325 07:12:17 @base.py:258][0m Epoch 71 (global_step 71000) finished, time:2 minutes 15 seconds.
[32m[0325 07:12:17 @saver.py:84][0m Model saved to log/model-71000.
[32m[0325 07:12:17 @monitor.py:386][0m QueueInput/queue_size: 50
[32m[0325 07:12:17 @monitor.py:386][0m learn_rate: 0.001
[32m[0325 07:12:17 @monitor.py:386][0m sigmoid_cross_entropy_loss/value: 0.26781
[32m[0325 07:12:17 @base.py:248][0m Start Epoch 72 ...
[32m[0325 07:14:33 @base.py:258][0m Epoch 72 (global_step 72000) finished, time:2 minutes 16 seconds.
[32m[0325 07:14:34 @saver.py:84][0m Model saved to log/model-72000.
[32m[0325 07:14:34 @monitor.py:386][0m QueueInput/queue_size: 50
[32m[0325 07:14:34 @monitor.py:386][0m learn_rate: 0.001
[32m[0325 07:14:34 @monitor.py:386][0m sigmoid_cross_entropy_loss/value: 0.26844
[32m[0325 07:14:34 @base.py:248][0m Start Epoch 73 ...
[32m[0325 07:16:50 @base.py:258][0m Epoch 73 (global_step 73000) finished, time:2 minutes 16 seconds.
[32m[0325 07:16:50 @saver.py:84][0m Model saved to log/model-73000.
[32m[0325 07:16:50 @monitor.py:386][0m QueueInput/queue_size: 50
[32m[0325 07:16:50 @monitor.py:386][0m learn_rate: 0.001
[32m[0325 07:16:50 @monitor.py:386][0m sigmoid_cross_entropy_loss/value: 0.27367
[32m[0325 07:16:50 @base.py:248][0m Start Epoch 74 ...
[32m[0325 07:19:07 @base.py:258][0m Epoch 74 (global_step 74000) finished, time:2 minutes 16 seconds.
[32m[0325 07:19:07 @saver.py:84][0m Model saved to log/model-74000.
[32m[0325 07:19:07 @monitor.py:386][0m QueueInput/queue_size: 50
[32m[0325 07:19:07 @monitor.py:386][0m learn_rate: 0.001
[32m[0325 07:19:07 @monitor.py:386][0m sigmoid_cross_entropy_loss/value: 0.27615
[32m[0325 07:19:07 @base.py:248][0m Start Epoch 75 ...
[32m[0325 07:21:24 @base.py:258][0m Epoch 75 (global_step 75000) finished, time:2 minutes 16 seconds.
[32m[0325 07:21:24 @saver.py:84][0m Model saved to log/model-75000.
[32m[0325 07:21:24 @monitor.py:386][0m QueueInput/queue_size: 50
[32m[0325 07:21:24 @monitor.py:386][0m learn_rate: 0.001
[32m[0325 07:21:24 @monitor.py:386][0m sigmoid_cross_entropy_loss/value: 0.26755
[32m[0325 07:21:24 @base.py:248][0m Start Epoch 76 ...
[32m[0325 07:23:41 @base.py:258][0m Epoch 76 (global_step 76000) finished, time:2 minutes 16 seconds.
[32m[0325 07:23:41 @saver.py:84][0m Model saved to log/model-76000.
[32m[0325 07:23:41 @monitor.py:386][0m QueueInput/queue_size: 50
[32m[0325 07:23:41 @monitor.py:386][0m learn_rate: 0.001
[32m[0325 07:23:41 @monitor.py:386][0m sigmoid_cross_entropy_loss/value: 0.2605
[32m[0325 07:23:41 @base.py:248][0m Start Epoch 77 ...
[32m[0325 07:25:57 @base.py:258][0m Epoch 77 (global_step 77000) finished, time:2 minutes 15 seconds.
[32m[0325 07:25:57 @saver.py:84][0m Model saved to log/model-77000.
[32m[0325 07:25:57 @monitor.py:386][0m QueueInput/queue_size: 50
[32m[0325 07:25:57 @monitor.py:386][0m learn_rate: 0.001
[32m[0325 07:25:57 @monitor.py:386][0m sigmoid_cross_entropy_loss/value: 0.25453
[32m[0325 07:25:57 @base.py:248][0m Start Epoch 78 ...
[32m[0325 07:28:12 @base.py:258][0m Epoch 78 (global_step 78000) finished, time:2 minutes 15 seconds.
[32m[0325 07:28:13 @saver.py:84][0m Model saved to log/model-78000.
[32m[0325 07:28:13 @monitor.py:386][0m QueueInput/queue_size: 50
[32m[0325 07:28:13 @monitor.py:386][0m learn_rate: 0.001
[32m[0325 07:28:13 @monitor.py:386][0m sigmoid_cross_entropy_loss/value: 0.22292
[32m[0325 07:28:13 @base.py:248][0m Start Epoch 79 ...
[32m[0325 07:30:29 @base.py:258][0m Epoch 79 (global_step 79000) finished, time:2 minutes 16 seconds.
[32m[0325 07:30:29 @saver.py:84][0m Model saved to log/model-79000.
[32m[0325 07:30:29 @monitor.py:386][0m QueueInput/queue_size: 50
[32m[0325 07:30:29 @monitor.py:386][0m learn_rate: 0.001
[32m[0325 07:30:29 @monitor.py:386][0m sigmoid_cross_entropy_loss/value: 0.22212
[32m[0325 07:30:29 @base.py:248][0m Start Epoch 80 ...
[32m[0325 07:32:45 @base.py:258][0m Epoch 80 (global_step 80000) finished, time:2 minutes 16 seconds.
[32m[0325 07:32:46 @saver.py:84][0m Model saved to log/model-80000.
[32m[0325 07:32:46 @monitor.py:386][0m QueueInput/queue_size: 50
[32m[0325 07:32:46 @monitor.py:386][0m learn_rate: 0.001
[32m[0325 07:32:46 @monitor.py:386][0m sigmoid_cross_entropy_loss/value: 0.25233
[32m[0325 07:32:46 @base.py:248][0m Start Epoch 81 ...
[32m[0325 07:35:01 @base.py:258][0m Epoch 81 (global_step 81000) finished, time:2 minutes 15 seconds.
[32m[0325 07:35:01 @saver.py:84][0m Model saved to log/model-81000.
[32m[0325 07:35:01 @monitor.py:386][0m QueueInput/queue_size: 50
[32m[0325 07:35:01 @monitor.py:386][0m learn_rate: 0.001
[32m[0325 07:35:01 @monitor.py:386][0m sigmoid_cross_entropy_loss/value: 0.26018
[32m[0325 07:35:01 @base.py:248][0m Start Epoch 82 ...
[32m[0325 07:37:17 @base.py:258][0m Epoch 82 (global_step 82000) finished, time:2 minutes 15 seconds.
[32m[0325 07:37:17 @saver.py:84][0m Model saved to log/model-82000.
[32m[0325 07:37:17 @monitor.py:386][0m QueueInput/queue_size: 50
[32m[0325 07:37:17 @monitor.py:386][0m learn_rate: 0.001
[32m[0325 07:37:17 @monitor.py:386][0m sigmoid_cross_entropy_loss/value: 0.26353
[32m[0325 07:37:17 @base.py:248][0m Start Epoch 83 ...
[32m[0325 07:39:33 @base.py:258][0m Epoch 83 (global_step 83000) finished, time:2 minutes 15 seconds.
[32m[0325 07:39:33 @saver.py:84][0m Model saved to log/model-83000.
[32m[0325 07:39:33 @monitor.py:386][0m QueueInput/queue_size: 50
[32m[0325 07:39:33 @monitor.py:386][0m learn_rate: 0.001
[32m[0325 07:39:33 @monitor.py:386][0m sigmoid_cross_entropy_loss/value: 0.26494
[32m[0325 07:39:33 @base.py:248][0m Start Epoch 84 ...
[32m[0325 07:41:49 @base.py:258][0m Epoch 84 (global_step 84000) finished, time:2 minutes 15 seconds.
[32m[0325 07:41:49 @saver.py:84][0m Model saved to log/model-84000.
[32m[0325 07:41:49 @monitor.py:386][0m QueueInput/queue_size: 50
[32m[0325 07:41:49 @monitor.py:386][0m learn_rate: 0.001
[32m[0325 07:41:49 @monitor.py:386][0m sigmoid_cross_entropy_loss/value: 0.27212
[32m[0325 07:41:49 @base.py:248][0m Start Epoch 85 ...
[32m[0325 07:44:05 @base.py:258][0m Epoch 85 (global_step 85000) finished, time:2 minutes 15 seconds.
[32m[0325 07:44:05 @saver.py:84][0m Model saved to log/model-85000.
[32m[0325 07:44:05 @monitor.py:386][0m QueueInput/queue_size: 50
[32m[0325 07:44:05 @monitor.py:386][0m learn_rate: 0.001
[32m[0325 07:44:05 @monitor.py:386][0m sigmoid_cross_entropy_loss/value: 0.26957
[32m[0325 07:44:05 @base.py:248][0m Start Epoch 86 ...
[32m[0325 07:46:21 @base.py:258][0m Epoch 86 (global_step 86000) finished, time:2 minutes 16 seconds.
[32m[0325 07:46:22 @saver.py:84][0m Model saved to log/model-86000.
[32m[0325 07:46:22 @monitor.py:386][0m QueueInput/queue_size: 50
[32m[0325 07:46:22 @monitor.py:386][0m learn_rate: 0.001
[32m[0325 07:46:22 @monitor.py:386][0m sigmoid_cross_entropy_loss/value: 0.26146
[32m[0325 07:46:22 @base.py:248][0m Start Epoch 87 ...
[32m[0325 07:48:38 @base.py:258][0m Epoch 87 (global_step 87000) finished, time:2 minutes 16 seconds.
[32m[0325 07:48:38 @saver.py:84][0m Model saved to log/model-87000.
[32m[0325 07:48:38 @monitor.py:386][0m QueueInput/queue_size: 50
[32m[0325 07:48:38 @monitor.py:386][0m learn_rate: 0.001
[32m[0325 07:48:38 @monitor.py:386][0m sigmoid_cross_entropy_loss/value: 0.25507
[32m[0325 07:48:38 @base.py:248][0m Start Epoch 88 ...
[32m[0325 07:50:54 @base.py:258][0m Epoch 88 (global_step 88000) finished, time:2 minutes 15 seconds.
[32m[0325 07:50:55 @saver.py:84][0m Model saved to log/model-88000.
[32m[0325 07:50:55 @monitor.py:386][0m QueueInput/queue_size: 50
[32m[0325 07:50:55 @monitor.py:386][0m learn_rate: 0.001
[32m[0325 07:50:55 @monitor.py:386][0m sigmoid_cross_entropy_loss/value: 0.25215
[32m[0325 07:50:55 @base.py:248][0m Start Epoch 89 ...
[32m[0325 07:53:10 @base.py:258][0m Epoch 89 (global_step 89000) finished, time:2 minutes 15 seconds.
[32m[0325 07:53:10 @saver.py:84][0m Model saved to log/model-89000.
[32m[0325 07:53:10 @monitor.py:386][0m QueueInput/queue_size: 50
[32m[0325 07:53:10 @monitor.py:386][0m learn_rate: 0.001
[32m[0325 07:53:10 @monitor.py:386][0m sigmoid_cross_entropy_loss/value: 0.22307
[32m[0325 07:53:10 @base.py:248][0m Start Epoch 90 ...
[32m[0325 07:55:25 @base.py:258][0m Epoch 90 (global_step 90000) finished, time:2 minutes 15 seconds.
[32m[0325 07:55:26 @saver.py:84][0m Model saved to log/model-90000.
[32m[0325 07:55:26 @monitor.py:386][0m QueueInput/queue_size: 50
[32m[0325 07:55:26 @monitor.py:386][0m learn_rate: 0.001
[32m[0325 07:55:26 @monitor.py:386][0m sigmoid_cross_entropy_loss/value: 0.21929
[32m[0325 07:55:26 @base.py:248][0m Start Epoch 91 ...
[32m[0325 07:57:42 @base.py:258][0m Epoch 91 (global_step 91000) finished, time:2 minutes 16 seconds.
[32m[0325 07:57:43 @saver.py:84][0m Model saved to log/model-91000.
[32m[0325 07:57:43 @monitor.py:386][0m QueueInput/queue_size: 50
[32m[0325 07:57:43 @monitor.py:386][0m learn_rate: 0.001
[32m[0325 07:57:43 @monitor.py:386][0m sigmoid_cross_entropy_loss/value: 0.25157
[32m[0325 07:57:43 @base.py:248][0m Start Epoch 92 ...
[32m[0325 07:59:59 @base.py:258][0m Epoch 92 (global_step 92000) finished, time:2 minutes 16 seconds.
[32m[0325 07:59:59 @saver.py:84][0m Model saved to log/model-92000.
[32m[0325 07:59:59 @monitor.py:386][0m QueueInput/queue_size: 50
[32m[0325 07:59:59 @monitor.py:386][0m learn_rate: 0.001
[32m[0325 07:59:59 @monitor.py:386][0m sigmoid_cross_entropy_loss/value: 0.25846
[32m[0325 07:59:59 @base.py:248][0m Start Epoch 93 ...
[32m[0325 08:02:15 @base.py:258][0m Epoch 93 (global_step 93000) finished, time:2 minutes 15 seconds.
[32m[0325 08:02:15 @saver.py:84][0m Model saved to log/model-93000.
[32m[0325 08:02:16 @monitor.py:386][0m QueueInput/queue_size: 50
[32m[0325 08:02:16 @monitor.py:386][0m learn_rate: 0.001
[32m[0325 08:02:16 @monitor.py:386][0m sigmoid_cross_entropy_loss/value: 0.2655
[32m[0325 08:02:16 @base.py:248][0m Start Epoch 94 ...
[32m[0325 08:04:32 @base.py:258][0m Epoch 94 (global_step 94000) finished, time:2 minutes 16 seconds.
[32m[0325 08:04:32 @saver.py:84][0m Model saved to log/model-94000.
[32m[0325 08:04:32 @monitor.py:386][0m QueueInput/queue_size: 50
[32m[0325 08:04:32 @monitor.py:386][0m learn_rate: 0.001
[32m[0325 08:04:32 @monitor.py:386][0m sigmoid_cross_entropy_loss/value: 0.26281
[32m[0325 08:04:32 @base.py:248][0m Start Epoch 95 ...
[32m[0325 08:06:49 @base.py:258][0m Epoch 95 (global_step 95000) finished, time:2 minutes 16 seconds.
[32m[0325 08:06:49 @saver.py:84][0m Model saved to log/model-95000.
[32m[0325 08:06:49 @monitor.py:386][0m QueueInput/queue_size: 50
[32m[0325 08:06:49 @monitor.py:386][0m learn_rate: 0.001
[32m[0325 08:06:49 @monitor.py:386][0m sigmoid_cross_entropy_loss/value: 0.2696
[32m[0325 08:06:49 @base.py:248][0m Start Epoch 96 ...
[32m[0325 08:09:04 @base.py:258][0m Epoch 96 (global_step 96000) finished, time:2 minutes 15 seconds.
[32m[0325 08:09:05 @saver.py:84][0m Model saved to log/model-96000.
[32m[0325 08:09:05 @monitor.py:386][0m QueueInput/queue_size: 50
[32m[0325 08:09:05 @monitor.py:386][0m learn_rate: 0.001
[32m[0325 08:09:05 @monitor.py:386][0m sigmoid_cross_entropy_loss/value: 0.27002
[32m[0325 08:09:05 @base.py:248][0m Start Epoch 97 ...
[32m[0325 08:11:21 @base.py:258][0m Epoch 97 (global_step 97000) finished, time:2 minutes 15 seconds.
[32m[0325 08:11:21 @saver.py:84][0m Model saved to log/model-97000.
[32m[0325 08:11:21 @monitor.py:386][0m QueueInput/queue_size: 50
[32m[0325 08:11:21 @monitor.py:386][0m learn_rate: 0.001
[32m[0325 08:11:21 @monitor.py:386][0m sigmoid_cross_entropy_loss/value: 0.26037
[32m[0325 08:11:21 @base.py:248][0m Start Epoch 98 ...
[32m[0325 08:13:36 @base.py:258][0m Epoch 98 (global_step 98000) finished, time:2 minutes 15 seconds.
[32m[0325 08:13:36 @saver.py:84][0m Model saved to log/model-98000.
[32m[0325 08:13:36 @monitor.py:386][0m QueueInput/queue_size: 50
[32m[0325 08:13:36 @monitor.py:386][0m learn_rate: 0.001
[32m[0325 08:13:36 @monitor.py:386][0m sigmoid_cross_entropy_loss/value: 0.25956
[32m[0325 08:13:36 @base.py:248][0m Start Epoch 99 ...
[32m[0325 08:15:52 @base.py:258][0m Epoch 99 (global_step 99000) finished, time:2 minutes 15 seconds.
[32m[0325 08:15:52 @saver.py:84][0m Model saved to log/model-99000.
[32m[0325 08:15:52 @monitor.py:386][0m QueueInput/queue_size: 50
[32m[0325 08:15:52 @monitor.py:386][0m learn_rate: 0.001
[32m[0325 08:15:52 @monitor.py:386][0m sigmoid_cross_entropy_loss/value: 0.25058
[32m[0325 08:15:52 @base.py:248][0m Start Epoch 100 ...
[32m[0325 08:18:09 @base.py:258][0m Epoch 100 (global_step 100000) finished, time:2 minutes 16 seconds.
[32m[0325 08:18:09 @saver.py:84][0m Model saved to log/model-100000.
[32m[0325 08:18:09 @monitor.py:386][0m QueueInput/queue_size: 50
[32m[0325 08:18:09 @monitor.py:386][0m learn_rate: 0.001
[32m[0325 08:18:09 @monitor.py:386][0m sigmoid_cross_entropy_loss/value: 0.21908
[32m[0325 08:18:09 @base.py:248][0m Start Epoch 101 ...
[32m[0325 08:20:24 @base.py:258][0m Epoch 101 (global_step 101000) finished, time:2 minutes 15 seconds.
[32m[0325 08:20:25 @saver.py:84][0m Model saved to log/model-101000.
[32m[0325 08:20:25 @monitor.py:386][0m QueueInput/queue_size: 50
[32m[0325 08:20:25 @monitor.py:386][0m learn_rate: 0.001
[32m[0325 08:20:25 @monitor.py:386][0m sigmoid_cross_entropy_loss/value: 0.21558
[32m[0325 08:20:25 @base.py:248][0m Start Epoch 102 ...
[32m[0325 08:22:40 @base.py:258][0m Epoch 102 (global_step 102000) finished, time:2 minutes 15 seconds.
[32m[0325 08:22:40 @saver.py:84][0m Model saved to log/model-102000.
[32m[0325 08:22:40 @monitor.py:386][0m QueueInput/queue_size: 50
[32m[0325 08:22:40 @monitor.py:386][0m learn_rate: 0.001
[32m[0325 08:22:40 @monitor.py:386][0m sigmoid_cross_entropy_loss/value: 0.2521
[32m[0325 08:22:40 @base.py:248][0m Start Epoch 103 ...
[32m[0325 08:24:56 @base.py:258][0m Epoch 103 (global_step 103000) finished, time:2 minutes 15 seconds.
[32m[0325 08:24:56 @saver.py:84][0m Model saved to log/model-103000.
[32m[0325 08:24:56 @monitor.py:386][0m QueueInput/queue_size: 50
[32m[0325 08:24:56 @monitor.py:386][0m learn_rate: 0.001
[32m[0325 08:24:56 @monitor.py:386][0m sigmoid_cross_entropy_loss/value: 0.2555
[32m[0325 08:24:56 @base.py:248][0m Start Epoch 104 ...
[32m[0325 08:27:12 @base.py:258][0m Epoch 104 (global_step 104000) finished, time:2 minutes 16 seconds.
[32m[0325 08:27:13 @saver.py:84][0m Model saved to log/model-104000.
[32m[0325 08:27:13 @monitor.py:386][0m QueueInput/queue_size: 50
[32m[0325 08:27:13 @monitor.py:386][0m learn_rate: 0.001
[32m[0325 08:27:13 @monitor.py:386][0m sigmoid_cross_entropy_loss/value: 0.25939
[32m[0325 08:27:13 @base.py:248][0m Start Epoch 105 ...
[32m[0325 08:29:29 @base.py:258][0m Epoch 105 (global_step 105000) finished, time:2 minutes 16 seconds.
[32m[0325 08:29:29 @saver.py:84][0m Model saved to log/model-105000.
[32m[0325 08:29:29 @monitor.py:386][0m QueueInput/queue_size: 50
[32m[0325 08:29:29 @monitor.py:386][0m learn_rate: 0.001
[32m[0325 08:29:29 @monitor.py:386][0m sigmoid_cross_entropy_loss/value: 0.26152
[32m[0325 08:29:29 @base.py:248][0m Start Epoch 106 ...
[32m[0325 08:31:45 @base.py:258][0m Epoch 106 (global_step 106000) finished, time:2 minutes 15 seconds.
[32m[0325 08:31:45 @saver.py:84][0m Model saved to log/model-106000.
[32m[0325 08:31:45 @monitor.py:386][0m QueueInput/queue_size: 50
[32m[0325 08:31:45 @monitor.py:386][0m learn_rate: 0.001
[32m[0325 08:31:45 @monitor.py:386][0m sigmoid_cross_entropy_loss/value: 0.26343
[32m[0325 08:31:45 @base.py:248][0m Start Epoch 107 ...
[32m[0325 08:34:00 @base.py:258][0m Epoch 107 (global_step 107000) finished, time:2 minutes 14 seconds.
[32m[0325 08:34:00 @saver.py:84][0m Model saved to log/model-107000.
[32m[0325 08:34:00 @monitor.py:386][0m QueueInput/queue_size: 50
[32m[0325 08:34:00 @monitor.py:386][0m learn_rate: 0.001
[32m[0325 08:34:00 @monitor.py:386][0m sigmoid_cross_entropy_loss/value: 0.26911
[32m[0325 08:34:00 @base.py:248][0m Start Epoch 108 ...
[32m[0325 08:36:15 @base.py:258][0m Epoch 108 (global_step 108000) finished, time:2 minutes 14 seconds.
[32m[0325 08:36:15 @saver.py:84][0m Model saved to log/model-108000.
[32m[0325 08:36:15 @monitor.py:386][0m QueueInput/queue_size: 50
[32m[0325 08:36:15 @monitor.py:386][0m learn_rate: 0.001
[32m[0325 08:36:15 @monitor.py:386][0m sigmoid_cross_entropy_loss/value: 0.26071
[32m[0325 08:36:15 @base.py:248][0m Start Epoch 109 ...
[32m[0325 08:38:31 @base.py:258][0m Epoch 109 (global_step 109000) finished, time:2 minutes 15 seconds.
[32m[0325 08:38:31 @saver.py:84][0m Model saved to log/model-109000.
[32m[0325 08:38:31 @monitor.py:386][0m QueueInput/queue_size: 50
[32m[0325 08:38:31 @monitor.py:386][0m learn_rate: 0.001
[32m[0325 08:38:31 @monitor.py:386][0m sigmoid_cross_entropy_loss/value: 0.25738
[32m[0325 08:38:31 @base.py:248][0m Start Epoch 110 ...
[32m[0325 08:40:47 @base.py:258][0m Epoch 110 (global_step 110000) finished, time:2 minutes 15 seconds.
[32m[0325 08:40:47 @saver.py:84][0m Model saved to log/model-110000.
[32m[0325 08:40:47 @monitor.py:386][0m QueueInput/queue_size: 50
[32m[0325 08:40:47 @monitor.py:386][0m learn_rate: 0.001
[32m[0325 08:40:47 @monitor.py:386][0m sigmoid_cross_entropy_loss/value: 0.25225
[32m[0325 08:40:47 @base.py:248][0m Start Epoch 111 ...
[32m[0325 08:43:03 @base.py:258][0m Epoch 111 (global_step 111000) finished, time:2 minutes 15 seconds.
[32m[0325 08:43:03 @saver.py:84][0m Model saved to log/model-111000.
[32m[0325 08:43:03 @monitor.py:386][0m QueueInput/queue_size: 50
[32m[0325 08:43:03 @monitor.py:386][0m learn_rate: 0.001
[32m[0325 08:43:03 @monitor.py:386][0m sigmoid_cross_entropy_loss/value: 0.21883
[32m[0325 08:43:03 @base.py:248][0m Start Epoch 112 ...
[32m[0325 08:45:20 @base.py:258][0m Epoch 112 (global_step 112000) finished, time:2 minutes 16 seconds.
[32m[0325 08:45:20 @saver.py:84][0m Model saved to log/model-112000.
[32m[0325 08:45:20 @monitor.py:386][0m QueueInput/queue_size: 50
[32m[0325 08:45:20 @monitor.py:386][0m learn_rate: 0.001
[32m[0325 08:45:20 @monitor.py:386][0m sigmoid_cross_entropy_loss/value: 0.21646
[32m[0325 08:45:20 @base.py:248][0m Start Epoch 113 ...
[32m[0325 08:47:37 @base.py:258][0m Epoch 113 (global_step 113000) finished, time:2 minutes 16 seconds.
[32m[0325 08:47:37 @saver.py:84][0m Model saved to log/model-113000.
[32m[0325 08:47:37 @monitor.py:386][0m QueueInput/queue_size: 50
[32m[0325 08:47:37 @monitor.py:386][0m learn_rate: 0.001
[32m[0325 08:47:37 @monitor.py:386][0m sigmoid_cross_entropy_loss/value: 0.24767
[32m[0325 08:47:37 @base.py:248][0m Start Epoch 114 ...
[32m[0325 08:49:52 @base.py:258][0m Epoch 114 (global_step 114000) finished, time:2 minutes 15 seconds.
[32m[0325 08:49:53 @saver.py:84][0m Model saved to log/model-114000.
[32m[0325 08:49:53 @monitor.py:386][0m QueueInput/queue_size: 50
[32m[0325 08:49:53 @monitor.py:386][0m learn_rate: 0.001
[32m[0325 08:49:53 @monitor.py:386][0m sigmoid_cross_entropy_loss/value: 0.25688
[32m[0325 08:49:53 @base.py:248][0m Start Epoch 115 ...
[32m[0325 08:52:09 @base.py:258][0m Epoch 115 (global_step 115000) finished, time:2 minutes 15 seconds.
[32m[0325 08:52:09 @saver.py:84][0m Model saved to log/model-115000.
[32m[0325 08:52:09 @monitor.py:386][0m QueueInput/queue_size: 50
[32m[0325 08:52:09 @monitor.py:386][0m learn_rate: 0.001
[32m[0325 08:52:09 @monitor.py:386][0m sigmoid_cross_entropy_loss/value: 0.26362
[32m[0325 08:52:09 @base.py:248][0m Start Epoch 116 ...
[32m[0325 08:54:25 @base.py:258][0m Epoch 116 (global_step 116000) finished, time:2 minutes 16 seconds.
[32m[0325 08:54:25 @saver.py:84][0m Model saved to log/model-116000.
[32m[0325 08:54:25 @monitor.py:386][0m QueueInput/queue_size: 50
[32m[0325 08:54:25 @monitor.py:386][0m learn_rate: 0.001
[32m[0325 08:54:25 @monitor.py:386][0m sigmoid_cross_entropy_loss/value: 0.26186
[32m[0325 08:54:25 @base.py:248][0m Start Epoch 117 ...
[32m[0325 08:56:41 @base.py:258][0m Epoch 117 (global_step 117000) finished, time:2 minutes 15 seconds.
[32m[0325 08:56:41 @saver.py:84][0m Model saved to log/model-117000.
[32m[0325 08:56:41 @monitor.py:386][0m QueueInput/queue_size: 50
[32m[0325 08:56:41 @monitor.py:386][0m learn_rate: 0.001
[32m[0325 08:56:41 @monitor.py:386][0m sigmoid_cross_entropy_loss/value: 0.26579
[32m[0325 08:56:41 @base.py:248][0m Start Epoch 118 ...
[32m[0325 08:58:57 @base.py:258][0m Epoch 118 (global_step 118000) finished, time:2 minutes 16 seconds.
[32m[0325 08:58:58 @saver.py:84][0m Model saved to log/model-118000.
[32m[0325 08:58:58 @monitor.py:386][0m QueueInput/queue_size: 50
[32m[0325 08:58:58 @monitor.py:386][0m learn_rate: 0.001
[32m[0325 08:58:58 @monitor.py:386][0m sigmoid_cross_entropy_loss/value: 0.26796
[32m[0325 08:58:58 @base.py:248][0m Start Epoch 119 ...
[32m[0325 09:01:14 @base.py:258][0m Epoch 119 (global_step 119000) finished, time:2 minutes 16 seconds.
[32m[0325 09:01:15 @saver.py:84][0m Model saved to log/model-119000.
[32m[0325 09:01:15 @monitor.py:386][0m QueueInput/queue_size: 50
[32m[0325 09:01:15 @monitor.py:386][0m learn_rate: 0.001
[32m[0325 09:01:15 @monitor.py:386][0m sigmoid_cross_entropy_loss/value: 0.25436
[32m[0325 09:01:15 @base.py:248][0m Start Epoch 120 ...
[32m[0325 09:03:31 @base.py:258][0m Epoch 120 (global_step 120000) finished, time:2 minutes 16 seconds.
[32m[0325 09:03:31 @saver.py:84][0m Model saved to log/model-120000.
[32m[0325 09:03:31 @monitor.py:386][0m QueueInput/queue_size: 50
[32m[0325 09:03:31 @monitor.py:386][0m learn_rate: 0.001
[32m[0325 09:03:31 @monitor.py:386][0m sigmoid_cross_entropy_loss/value: 0.25345
[32m[0325 09:03:31 @base.py:248][0m Start Epoch 121 ...
[32m[0325 09:05:47 @base.py:258][0m Epoch 121 (global_step 121000) finished, time:2 minutes 15 seconds.
[32m[0325 09:05:47 @saver.py:84][0m Model saved to log/model-121000.
[32m[0325 09:05:47 @monitor.py:386][0m QueueInput/queue_size: 50
[32m[0325 09:05:47 @monitor.py:386][0m learn_rate: 0.001
[32m[0325 09:05:47 @monitor.py:386][0m sigmoid_cross_entropy_loss/value: 0.24693
[32m[0325 09:05:47 @base.py:248][0m Start Epoch 122 ...
[32m[0325 09:08:04 @base.py:258][0m Epoch 122 (global_step 122000) finished, time:2 minutes 16 seconds.
[32m[0325 09:08:04 @saver.py:84][0m Model saved to log/model-122000.
[32m[0325 09:08:04 @monitor.py:386][0m QueueInput/queue_size: 50
[32m[0325 09:08:04 @monitor.py:386][0m learn_rate: 0.001
[32m[0325 09:08:04 @monitor.py:386][0m sigmoid_cross_entropy_loss/value: 0.216
[32m[0325 09:08:04 @base.py:248][0m Start Epoch 123 ...
[32m[0325 09:10:20 @base.py:258][0m Epoch 123 (global_step 123000) finished, time:2 minutes 15 seconds.
[32m[0325 09:10:20 @saver.py:84][0m Model saved to log/model-123000.
[32m[0325 09:10:20 @monitor.py:386][0m QueueInput/queue_size: 50
[32m[0325 09:10:20 @monitor.py:386][0m learn_rate: 0.001
[32m[0325 09:10:20 @monitor.py:386][0m sigmoid_cross_entropy_loss/value: 0.21599
[32m[0325 09:10:20 @base.py:248][0m Start Epoch 124 ...
[32m[0325 09:12:36 @base.py:258][0m Epoch 124 (global_step 124000) finished, time:2 minutes 16 seconds.
[32m[0325 09:12:37 @saver.py:84][0m Model saved to log/model-124000.
[32m[0325 09:12:37 @monitor.py:386][0m QueueInput/queue_size: 50
[32m[0325 09:12:37 @monitor.py:386][0m learn_rate: 0.001
[32m[0325 09:12:37 @monitor.py:386][0m sigmoid_cross_entropy_loss/value: 0.24945
[32m[0325 09:12:37 @base.py:248][0m Start Epoch 125 ...
[32m[0325 09:14:53 @base.py:258][0m Epoch 125 (global_step 125000) finished, time:2 minutes 16 seconds.
[32m[0325 09:14:54 @saver.py:84][0m Model saved to log/model-125000.
[32m[0325 09:14:54 @monitor.py:386][0m QueueInput/queue_size: 50
[32m[0325 09:14:54 @monitor.py:386][0m learn_rate: 0.001
[32m[0325 09:14:54 @monitor.py:386][0m sigmoid_cross_entropy_loss/value: 0.25421
[32m[0325 09:14:54 @base.py:248][0m Start Epoch 126 ...
[32m[0325 09:17:09 @base.py:258][0m Epoch 126 (global_step 126000) finished, time:2 minutes 15 seconds.
[32m[0325 09:17:09 @saver.py:84][0m Model saved to log/model-126000.
[32m[0325 09:17:09 @monitor.py:386][0m QueueInput/queue_size: 50
[32m[0325 09:17:09 @monitor.py:386][0m learn_rate: 0.001
[32m[0325 09:17:09 @monitor.py:386][0m sigmoid_cross_entropy_loss/value: 0.26264
[32m[0325 09:17:09 @base.py:248][0m Start Epoch 127 ...
[32m[0325 09:19:25 @base.py:258][0m Epoch 127 (global_step 127000) finished, time:2 minutes 15 seconds.
[32m[0325 09:19:25 @saver.py:84][0m Model saved to log/model-127000.
[32m[0325 09:19:25 @monitor.py:386][0m QueueInput/queue_size: 50
[32m[0325 09:19:25 @monitor.py:386][0m learn_rate: 0.001
[32m[0325 09:19:25 @monitor.py:386][0m sigmoid_cross_entropy_loss/value: 0.25843
[32m[0325 09:19:25 @base.py:248][0m Start Epoch 128 ...
[32m[0325 09:21:40 @base.py:258][0m Epoch 128 (global_step 128000) finished, time:2 minutes 15 seconds.
[32m[0325 09:21:41 @saver.py:84][0m Model saved to log/model-128000.
[32m[0325 09:21:41 @monitor.py:386][0m QueueInput/queue_size: 50
[32m[0325 09:21:41 @monitor.py:386][0m learn_rate: 0.001
[32m[0325 09:21:41 @monitor.py:386][0m sigmoid_cross_entropy_loss/value: 0.25935
[32m[0325 09:21:41 @base.py:248][0m Start Epoch 129 ...
[32m[0325 09:23:56 @base.py:258][0m Epoch 129 (global_step 129000) finished, time:2 minutes 15 seconds.
[32m[0325 09:23:56 @saver.py:84][0m Model saved to log/model-129000.
[32m[0325 09:23:56 @monitor.py:386][0m QueueInput/queue_size: 50
[32m[0325 09:23:56 @monitor.py:386][0m learn_rate: 0.001
[32m[0325 09:23:56 @monitor.py:386][0m sigmoid_cross_entropy_loss/value: 0.26697
[32m[0325 09:23:56 @base.py:248][0m Start Epoch 130 ...
[32m[0325 09:26:11 @base.py:258][0m Epoch 130 (global_step 130000) finished, time:2 minutes 15 seconds.
[32m[0325 09:26:12 @saver.py:84][0m Model saved to log/model-130000.
[32m[0325 09:26:12 @monitor.py:386][0m QueueInput/queue_size: 50
[32m[0325 09:26:12 @monitor.py:386][0m learn_rate: 0.001
[32m[0325 09:26:12 @monitor.py:386][0m sigmoid_cross_entropy_loss/value: 0.25834
[32m[0325 09:26:12 @base.py:248][0m Start Epoch 131 ...
[32m[0325 09:28:27 @base.py:258][0m Epoch 131 (global_step 131000) finished, time:2 minutes 15 seconds.
[32m[0325 09:28:28 @saver.py:84][0m Model saved to log/model-131000.
[32m[0325 09:28:28 @monitor.py:386][0m QueueInput/queue_size: 50
[32m[0325 09:28:28 @monitor.py:386][0m learn_rate: 0.001
[32m[0325 09:28:28 @monitor.py:386][0m sigmoid_cross_entropy_loss/value: 0.25609
[32m[0325 09:28:28 @base.py:248][0m Start Epoch 132 ...
[32m[0325 09:30:44 @base.py:258][0m Epoch 132 (global_step 132000) finished, time:2 minutes 16 seconds.
[32m[0325 09:30:45 @saver.py:84][0m Model saved to log/model-132000.
[32m[0325 09:30:45 @monitor.py:386][0m QueueInput/queue_size: 50
[32m[0325 09:30:45 @monitor.py:386][0m learn_rate: 0.001
[32m[0325 09:30:45 @monitor.py:386][0m sigmoid_cross_entropy_loss/value: 0.24752
[32m[0325 09:30:45 @base.py:248][0m Start Epoch 133 ...
[32m[0325 09:33:01 @base.py:258][0m Epoch 133 (global_step 133000) finished, time:2 minutes 16 seconds.
[32m[0325 09:33:01 @saver.py:84][0m Model saved to log/model-133000.
[32m[0325 09:33:01 @monitor.py:386][0m QueueInput/queue_size: 50
[32m[0325 09:33:01 @monitor.py:386][0m learn_rate: 0.001
[32m[0325 09:33:01 @monitor.py:386][0m sigmoid_cross_entropy_loss/value: 0.21619
[32m[0325 09:33:01 @base.py:248][0m Start Epoch 134 ...
[32m[0325 09:35:18 @base.py:258][0m Epoch 134 (global_step 134000) finished, time:2 minutes 16 seconds.
[32m[0325 09:35:18 @saver.py:84][0m Model saved to log/model-134000.
[32m[0325 09:35:18 @monitor.py:386][0m QueueInput/queue_size: 50
[32m[0325 09:35:18 @monitor.py:386][0m learn_rate: 0.001
[32m[0325 09:35:18 @monitor.py:386][0m sigmoid_cross_entropy_loss/value: 0.21711
[32m[0325 09:35:18 @base.py:248][0m Start Epoch 135 ...
[32m[0325 09:37:34 @base.py:258][0m Epoch 135 (global_step 135000) finished, time:2 minutes 15 seconds.
[32m[0325 09:37:34 @saver.py:84][0m Model saved to log/model-135000.
[32m[0325 09:37:35 @monitor.py:386][0m QueueInput/queue_size: 50
[32m[0325 09:37:35 @monitor.py:386][0m learn_rate: 0.001
[32m[0325 09:37:35 @monitor.py:386][0m sigmoid_cross_entropy_loss/value: 0.25162
[32m[0325 09:37:35 @base.py:248][0m Start Epoch 136 ...
[32m[0325 09:39:51 @base.py:258][0m Epoch 136 (global_step 136000) finished, time:2 minutes 16 seconds.
[32m[0325 09:39:51 @saver.py:84][0m Model saved to log/model-136000.
[32m[0325 09:39:51 @monitor.py:386][0m QueueInput/queue_size: 50
[32m[0325 09:39:51 @monitor.py:386][0m learn_rate: 0.001
[32m[0325 09:39:51 @monitor.py:386][0m sigmoid_cross_entropy_loss/value: 0.2511
[32m[0325 09:39:51 @base.py:248][0m Start Epoch 137 ...
[32m[0325 09:42:08 @base.py:258][0m Epoch 137 (global_step 137000) finished, time:2 minutes 16 seconds.
[32m[0325 09:42:08 @saver.py:84][0m Model saved to log/model-137000.
[32m[0325 09:42:08 @monitor.py:386][0m QueueInput/queue_size: 50
[32m[0325 09:42:08 @monitor.py:386][0m learn_rate: 0.001
[32m[0325 09:42:08 @monitor.py:386][0m sigmoid_cross_entropy_loss/value: 0.25465
[32m[0325 09:42:08 @base.py:248][0m Start Epoch 138 ...
[32m[0325 09:44:25 @base.py:258][0m Epoch 138 (global_step 138000) finished, time:2 minutes 16 seconds.
[32m[0325 09:44:25 @saver.py:84][0m Model saved to log/model-138000.
[32m[0325 09:44:25 @monitor.py:386][0m QueueInput/queue_size: 50
[32m[0325 09:44:25 @monitor.py:386][0m learn_rate: 0.001
[32m[0325 09:44:25 @monitor.py:386][0m sigmoid_cross_entropy_loss/value: 0.26
[32m[0325 09:44:25 @base.py:248][0m Start Epoch 139 ...
[32m[0325 09:46:42 @base.py:258][0m Epoch 139 (global_step 139000) finished, time:2 minutes 16 seconds.
[32m[0325 09:46:42 @saver.py:84][0m Model saved to log/model-139000.
[32m[0325 09:46:42 @monitor.py:386][0m QueueInput/queue_size: 50
[32m[0325 09:46:42 @monitor.py:386][0m learn_rate: 0.001
[32m[0325 09:46:42 @monitor.py:386][0m sigmoid_cross_entropy_loss/value: 0.26165
[32m[0325 09:46:42 @base.py:248][0m Start Epoch 140 ...
[32m[0325 09:48:58 @base.py:258][0m Epoch 140 (global_step 140000) finished, time:2 minutes 15 seconds.
[32m[0325 09:48:58 @saver.py:84][0m Model saved to log/model-140000.
[32m[0325 09:48:58 @monitor.py:386][0m QueueInput/queue_size: 50
[32m[0325 09:48:58 @monitor.py:386][0m learn_rate: 0.001
[32m[0325 09:48:58 @monitor.py:386][0m sigmoid_cross_entropy_loss/value: 0.2638
[32m[0325 09:48:58 @base.py:248][0m Start Epoch 141 ...
[32m[0325 09:51:14 @base.py:258][0m Epoch 141 (global_step 141000) finished, time:2 minutes 15 seconds.
[32m[0325 09:51:14 @saver.py:84][0m Model saved to log/model-141000.
[32m[0325 09:51:14 @monitor.py:386][0m QueueInput/queue_size: 50
[32m[0325 09:51:14 @monitor.py:386][0m learn_rate: 0.001
[32m[0325 09:51:14 @monitor.py:386][0m sigmoid_cross_entropy_loss/value: 0.25392
[32m[0325 09:51:14 @base.py:248][0m Start Epoch 142 ...
[32m[0325 09:53:29 @base.py:258][0m Epoch 142 (global_step 142000) finished, time:2 minutes 14 seconds.
[32m[0325 09:53:29 @saver.py:84][0m Model saved to log/model-142000.
[32m[0325 09:53:29 @monitor.py:386][0m QueueInput/queue_size: 50
[32m[0325 09:53:29 @monitor.py:386][0m learn_rate: 0.001
[32m[0325 09:53:29 @monitor.py:386][0m sigmoid_cross_entropy_loss/value: 0.25414
[32m[0325 09:53:29 @base.py:248][0m Start Epoch 143 ...
[32m[0325 09:55:44 @base.py:258][0m Epoch 143 (global_step 143000) finished, time:2 minutes 15 seconds.
[32m[0325 09:55:45 @saver.py:84][0m Model saved to log/model-143000.
[32m[0325 09:55:45 @monitor.py:386][0m QueueInput/queue_size: 50
[32m[0325 09:55:45 @monitor.py:386][0m learn_rate: 0.001
[32m[0325 09:55:45 @monitor.py:386][0m sigmoid_cross_entropy_loss/value: 0.247
[32m[0325 09:55:45 @base.py:248][0m Start Epoch 144 ...
[32m[0325 09:58:00 @base.py:258][0m Epoch 144 (global_step 144000) finished, time:2 minutes 14 seconds.
[32m[0325 09:58:00 @saver.py:84][0m Model saved to log/model-144000.
[32m[0325 09:58:00 @monitor.py:386][0m QueueInput/queue_size: 50
[32m[0325 09:58:00 @monitor.py:386][0m learn_rate: 0.001
[32m[0325 09:58:00 @monitor.py:386][0m sigmoid_cross_entropy_loss/value: 0.21739
[32m[0325 09:58:00 @base.py:248][0m Start Epoch 145 ...
[32m[0325 10:00:15 @base.py:258][0m Epoch 145 (global_step 145000) finished, time:2 minutes 14 seconds.
[32m[0325 10:00:15 @saver.py:84][0m Model saved to log/model-145000.
[32m[0325 10:00:15 @monitor.py:386][0m QueueInput/queue_size: 50
[32m[0325 10:00:15 @monitor.py:386][0m learn_rate: 0.001
[32m[0325 10:00:15 @monitor.py:386][0m sigmoid_cross_entropy_loss/value: 0.21398
[32m[0325 10:00:15 @base.py:248][0m Start Epoch 146 ...
[32m[0325 10:02:30 @base.py:258][0m Epoch 146 (global_step 146000) finished, time:2 minutes 14 seconds.
[32m[0325 10:02:30 @saver.py:84][0m Model saved to log/model-146000.
[32m[0325 10:02:30 @monitor.py:386][0m QueueInput/queue_size: 50
[32m[0325 10:02:30 @monitor.py:386][0m learn_rate: 0.001
[32m[0325 10:02:30 @monitor.py:386][0m sigmoid_cross_entropy_loss/value: 0.24739
[32m[0325 10:02:30 @base.py:248][0m Start Epoch 147 ...
[32m[0325 10:04:45 @base.py:258][0m Epoch 147 (global_step 147000) finished, time:2 minutes 14 seconds.
[32m[0325 10:04:46 @saver.py:84][0m Model saved to log/model-147000.
[32m[0325 10:04:46 @monitor.py:386][0m QueueInput/queue_size: 50
[32m[0325 10:04:46 @monitor.py:386][0m learn_rate: 0.001
[32m[0325 10:04:46 @monitor.py:386][0m sigmoid_cross_entropy_loss/value: 0.25136
[32m[0325 10:04:46 @base.py:248][0m Start Epoch 148 ...
[32m[0325 10:07:02 @base.py:258][0m Epoch 148 (global_step 148000) finished, time:2 minutes 15 seconds.
[32m[0325 10:07:02 @saver.py:84][0m Model saved to log/model-148000.
[32m[0325 10:07:02 @monitor.py:386][0m QueueInput/queue_size: 50
[32m[0325 10:07:02 @monitor.py:386][0m learn_rate: 0.001
[32m[0325 10:07:02 @monitor.py:386][0m sigmoid_cross_entropy_loss/value: 0.2559
[32m[0325 10:07:02 @base.py:248][0m Start Epoch 149 ...
[32m[0325 10:09:17 @base.py:258][0m Epoch 149 (global_step 149000) finished, time:2 minutes 15 seconds.
[32m[0325 10:09:17 @saver.py:84][0m Model saved to log/model-149000.
[32m[0325 10:09:17 @monitor.py:386][0m QueueInput/queue_size: 50
[32m[0325 10:09:17 @monitor.py:386][0m learn_rate: 0.001
[32m[0325 10:09:17 @monitor.py:386][0m sigmoid_cross_entropy_loss/value: 0.25802
[32m[0325 10:09:17 @base.py:248][0m Start Epoch 150 ...
[32m[0325 10:11:32 @base.py:258][0m Epoch 150 (global_step 150000) finished, time:2 minutes 15 seconds.
[32m[0325 10:11:33 @saver.py:84][0m Model saved to log/model-150000.
[32m[0325 10:11:33 @monitor.py:386][0m QueueInput/queue_size: 50
[32m[0325 10:11:33 @monitor.py:386][0m learn_rate: 0.001
[32m[0325 10:11:33 @monitor.py:386][0m sigmoid_cross_entropy_loss/value: 0.26051
[32m[0325 10:11:33 @base.py:248][0m Start Epoch 151 ...
[32m[0325 10:13:48 @base.py:258][0m Epoch 151 (global_step 151000) finished, time:2 minutes 15 seconds.
[32m[0325 10:13:48 @saver.py:84][0m Model saved to log/model-151000.
[32m[0325 10:13:48 @monitor.py:386][0m QueueInput/queue_size: 50
[32m[0325 10:13:48 @monitor.py:386][0m learn_rate: 0.001
[32m[0325 10:13:48 @monitor.py:386][0m sigmoid_cross_entropy_loss/value: 0.26069
[32m[0325 10:13:48 @base.py:248][0m Start Epoch 152 ...
[32m[0325 10:16:04 @base.py:258][0m Epoch 152 (global_step 152000) finished, time:2 minutes 15 seconds.
[32m[0325 10:16:04 @saver.py:84][0m Model saved to log/model-152000.
[32m[0325 10:16:04 @monitor.py:386][0m QueueInput/queue_size: 50
[32m[0325 10:16:04 @monitor.py:386][0m learn_rate: 0.001
[32m[0325 10:16:04 @monitor.py:386][0m sigmoid_cross_entropy_loss/value: 0.25627
[32m[0325 10:16:04 @base.py:248][0m Start Epoch 153 ...
[32m[0325 10:18:19 @base.py:258][0m Epoch 153 (global_step 153000) finished, time:2 minutes 15 seconds.
[32m[0325 10:18:19 @saver.py:84][0m Model saved to log/model-153000.
[32m[0325 10:18:19 @monitor.py:386][0m QueueInput/queue_size: 50
[32m[0325 10:18:19 @monitor.py:386][0m learn_rate: 0.001
[32m[0325 10:18:19 @monitor.py:386][0m sigmoid_cross_entropy_loss/value: 0.25566
[32m[0325 10:18:19 @base.py:248][0m Start Epoch 154 ...
[32m[0325 10:20:34 @base.py:258][0m Epoch 154 (global_step 154000) finished, time:2 minutes 14 seconds.
[32m[0325 10:20:35 @saver.py:84][0m Model saved to log/model-154000.
[32m[0325 10:20:35 @monitor.py:386][0m QueueInput/queue_size: 50
[32m[0325 10:20:35 @monitor.py:386][0m learn_rate: 0.001
[32m[0325 10:20:35 @monitor.py:386][0m sigmoid_cross_entropy_loss/value: 0.24793
[32m[0325 10:20:35 @base.py:248][0m Start Epoch 155 ...
[32m[0325 10:22:49 @base.py:258][0m Epoch 155 (global_step 155000) finished, time:2 minutes 14 seconds.
[32m[0325 10:22:50 @saver.py:84][0m Model saved to log/model-155000.
[32m[0325 10:22:50 @monitor.py:386][0m QueueInput/queue_size: 50
[32m[0325 10:22:50 @monitor.py:386][0m learn_rate: 0.001
[32m[0325 10:22:50 @monitor.py:386][0m sigmoid_cross_entropy_loss/value: 0.21478
[32m[0325 10:22:50 @base.py:248][0m Start Epoch 156 ...
[32m[0325 10:25:06 @base.py:258][0m Epoch 156 (global_step 156000) finished, time:2 minutes 15 seconds.
[32m[0325 10:25:06 @saver.py:84][0m Model saved to log/model-156000.
[32m[0325 10:25:06 @monitor.py:386][0m QueueInput/queue_size: 50
[32m[0325 10:25:06 @monitor.py:386][0m learn_rate: 0.001
[32m[0325 10:25:06 @monitor.py:386][0m sigmoid_cross_entropy_loss/value: 0.21732
[32m[0325 10:25:06 @base.py:248][0m Start Epoch 157 ...
[32m[0325 10:27:21 @base.py:258][0m Epoch 157 (global_step 157000) finished, time:2 minutes 14 seconds.
[32m[0325 10:27:21 @saver.py:84][0m Model saved to log/model-157000.
[32m[0325 10:27:21 @monitor.py:386][0m QueueInput/queue_size: 50
[32m[0325 10:27:21 @monitor.py:386][0m learn_rate: 0.001
[32m[0325 10:27:21 @monitor.py:386][0m sigmoid_cross_entropy_loss/value: 0.24659
[32m[0325 10:27:21 @base.py:248][0m Start Epoch 158 ...
[32m[0325 10:29:36 @base.py:258][0m Epoch 158 (global_step 158000) finished, time:2 minutes 14 seconds.
[32m[0325 10:29:36 @saver.py:84][0m Model saved to log/model-158000.
[32m[0325 10:29:36 @monitor.py:386][0m QueueInput/queue_size: 50
[32m[0325 10:29:36 @monitor.py:386][0m learn_rate: 0.001
[32m[0325 10:29:36 @monitor.py:386][0m sigmoid_cross_entropy_loss/value: 0.25044
[32m[0325 10:29:36 @base.py:248][0m Start Epoch 159 ...
[32m[0325 10:31:52 @base.py:258][0m Epoch 159 (global_step 159000) finished, time:2 minutes 15 seconds.
[32m[0325 10:31:52 @saver.py:84][0m Model saved to log/model-159000.
[32m[0325 10:31:52 @monitor.py:386][0m QueueInput/queue_size: 50
[32m[0325 10:31:52 @monitor.py:386][0m learn_rate: 0.001
[32m[0325 10:31:52 @monitor.py:386][0m sigmoid_cross_entropy_loss/value: 0.25784
[32m[0325 10:31:52 @base.py:248][0m Start Epoch 160 ...
[32m[0325 10:34:09 @base.py:258][0m Epoch 160 (global_step 160000) finished, time:2 minutes 16 seconds.
[32m[0325 10:34:09 @saver.py:84][0m Model saved to log/model-160000.
[32m[0325 10:34:09 @monitor.py:386][0m QueueInput/queue_size: 50
[32m[0325 10:34:09 @monitor.py:386][0m learn_rate: 0.001
[32m[0325 10:34:09 @monitor.py:386][0m sigmoid_cross_entropy_loss/value: 0.25908
[32m[0325 10:34:09 @base.py:248][0m Start Epoch 161 ...
[32m[0325 10:36:26 @base.py:258][0m Epoch 161 (global_step 161000) finished, time:2 minutes 16 seconds.
[32m[0325 10:36:26 @saver.py:84][0m Model saved to log/model-161000.
[32m[0325 10:36:26 @monitor.py:386][0m QueueInput/queue_size: 50
[32m[0325 10:36:26 @monitor.py:386][0m learn_rate: 0.001
[32m[0325 10:36:26 @monitor.py:386][0m sigmoid_cross_entropy_loss/value: 0.25889
[32m[0325 10:36:26 @base.py:248][0m Start Epoch 162 ...
[32m[0325 10:38:41 @base.py:258][0m Epoch 162 (global_step 162000) finished, time:2 minutes 15 seconds.
[32m[0325 10:38:41 @saver.py:84][0m Model saved to log/model-162000.
[32m[0325 10:38:41 @monitor.py:386][0m QueueInput/queue_size: 50
[32m[0325 10:38:41 @monitor.py:386][0m learn_rate: 0.001
[32m[0325 10:38:41 @monitor.py:386][0m sigmoid_cross_entropy_loss/value: 0.26119
[32m[0325 10:38:41 @base.py:248][0m Start Epoch 163 ...
[32m[0325 10:40:56 @base.py:258][0m Epoch 163 (global_step 163000) finished, time:2 minutes 14 seconds.
[32m[0325 10:40:57 @saver.py:84][0m Model saved to log/model-163000.
[32m[0325 10:40:57 @monitor.py:386][0m QueueInput/queue_size: 50
[32m[0325 10:40:57 @monitor.py:386][0m learn_rate: 0.001
[32m[0325 10:40:57 @monitor.py:386][0m sigmoid_cross_entropy_loss/value: 0.24956
[32m[0325 10:40:57 @base.py:248][0m Start Epoch 164 ...
[32m[0325 10:43:12 @base.py:258][0m Epoch 164 (global_step 164000) finished, time:2 minutes 15 seconds.
[32m[0325 10:43:12 @saver.py:84][0m Model saved to log/model-164000.
[32m[0325 10:43:12 @monitor.py:386][0m QueueInput/queue_size: 50
[32m[0325 10:43:12 @monitor.py:386][0m learn_rate: 0.001
[32m[0325 10:43:12 @monitor.py:386][0m sigmoid_cross_entropy_loss/value: 0.25239
[32m[0325 10:43:12 @base.py:248][0m Start Epoch 165 ...
[32m[0325 10:45:27 @base.py:258][0m Epoch 165 (global_step 165000) finished, time:2 minutes 15 seconds.
[32m[0325 10:45:27 @saver.py:84][0m Model saved to log/model-165000.
[32m[0325 10:45:27 @monitor.py:386][0m QueueInput/queue_size: 50
[32m[0325 10:45:27 @monitor.py:386][0m learn_rate: 0.001
[32m[0325 10:45:27 @monitor.py:386][0m sigmoid_cross_entropy_loss/value: 0.24874
[32m[0325 10:45:27 @base.py:248][0m Start Epoch 166 ...
[32m[0325 10:47:43 @base.py:258][0m Epoch 166 (global_step 166000) finished, time:2 minutes 16 seconds.
[32m[0325 10:47:44 @saver.py:84][0m Model saved to log/model-166000.
[32m[0325 10:47:44 @monitor.py:386][0m QueueInput/queue_size: 50
[32m[0325 10:47:44 @monitor.py:386][0m learn_rate: 0.001
[32m[0325 10:47:44 @monitor.py:386][0m sigmoid_cross_entropy_loss/value: 0.21692
[32m[0325 10:47:44 @base.py:248][0m Start Epoch 167 ...
[32m[0325 10:50:01 @base.py:258][0m Epoch 167 (global_step 167000) finished, time:2 minutes 16 seconds.
[32m[0325 10:50:01 @saver.py:84][0m Model saved to log/model-167000.
[32m[0325 10:50:01 @monitor.py:386][0m QueueInput/queue_size: 50
[32m[0325 10:50:01 @monitor.py:386][0m learn_rate: 0.001
[32m[0325 10:50:01 @monitor.py:386][0m sigmoid_cross_entropy_loss/value: 0.21285
[32m[0325 10:50:01 @base.py:248][0m Start Epoch 168 ...
[32m[0325 10:52:16 @base.py:258][0m Epoch 168 (global_step 168000) finished, time:2 minutes 15 seconds.
[32m[0325 10:52:16 @saver.py:84][0m Model saved to log/model-168000.
[32m[0325 10:52:16 @monitor.py:386][0m QueueInput/queue_size: 50
[32m[0325 10:52:16 @monitor.py:386][0m learn_rate: 0.001
[32m[0325 10:52:16 @monitor.py:386][0m sigmoid_cross_entropy_loss/value: 0.24565
[32m[0325 10:52:16 @base.py:248][0m Start Epoch 169 ...
[32m[0325 10:54:32 @base.py:258][0m Epoch 169 (global_step 169000) finished, time:2 minutes 16 seconds.
[32m[0325 10:54:33 @saver.py:84][0m Model saved to log/model-169000.
[32m[0325 10:54:33 @monitor.py:386][0m QueueInput/queue_size: 50
[32m[0325 10:54:33 @monitor.py:386][0m learn_rate: 0.001
[32m[0325 10:54:33 @monitor.py:386][0m sigmoid_cross_entropy_loss/value: 0.252
[32m[0325 10:54:33 @base.py:248][0m Start Epoch 170 ...
[32m[0325 10:56:49 @base.py:258][0m Epoch 170 (global_step 170000) finished, time:2 minutes 16 seconds.
[32m[0325 10:56:50 @saver.py:84][0m Model saved to log/model-170000.
[32m[0325 10:56:50 @monitor.py:386][0m QueueInput/queue_size: 50
[32m[0325 10:56:50 @monitor.py:386][0m learn_rate: 0.001
[32m[0325 10:56:50 @monitor.py:386][0m sigmoid_cross_entropy_loss/value: 0.25459
[32m[0325 10:56:50 @base.py:248][0m Start Epoch 171 ...
[32m[0325 10:59:05 @base.py:258][0m Epoch 171 (global_step 171000) finished, time:2 minutes 15 seconds.
[32m[0325 10:59:05 @saver.py:84][0m Model saved to log/model-171000.
[32m[0325 10:59:05 @monitor.py:386][0m QueueInput/queue_size: 50
[32m[0325 10:59:05 @monitor.py:386][0m learn_rate: 0.001
[32m[0325 10:59:05 @monitor.py:386][0m sigmoid_cross_entropy_loss/value: 0.25928
[32m[0325 10:59:05 @base.py:248][0m Start Epoch 172 ...
[32m[0325 11:01:21 @base.py:258][0m Epoch 172 (global_step 172000) finished, time:2 minutes 15 seconds.
[32m[0325 11:01:21 @saver.py:84][0m Model saved to log/model-172000.
[32m[0325 11:01:21 @monitor.py:386][0m QueueInput/queue_size: 50
[32m[0325 11:01:21 @monitor.py:386][0m learn_rate: 0.001
[32m[0325 11:01:21 @monitor.py:386][0m sigmoid_cross_entropy_loss/value: 0.25819
[32m[0325 11:01:21 @base.py:248][0m Start Epoch 173 ...
[32m[0325 11:03:36 @base.py:258][0m Epoch 173 (global_step 173000) finished, time:2 minutes 15 seconds.
[32m[0325 11:03:37 @saver.py:84][0m Model saved to log/model-173000.
[32m[0325 11:03:37 @monitor.py:386][0m QueueInput/queue_size: 50
[32m[0325 11:03:37 @monitor.py:386][0m learn_rate: 0.001
[32m[0325 11:03:37 @monitor.py:386][0m sigmoid_cross_entropy_loss/value: 0.25803
[32m[0325 11:03:37 @base.py:248][0m Start Epoch 174 ...
[32m[0325 11:05:52 @base.py:258][0m Epoch 174 (global_step 174000) finished, time:2 minutes 15 seconds.
[32m[0325 11:05:52 @saver.py:84][0m Model saved to log/model-174000.
[32m[0325 11:05:52 @monitor.py:386][0m QueueInput/queue_size: 50
[32m[0325 11:05:52 @monitor.py:386][0m learn_rate: 0.001
[32m[0325 11:05:52 @monitor.py:386][0m sigmoid_cross_entropy_loss/value: 0.25621
[32m[0325 11:05:52 @base.py:248][0m Start Epoch 175 ...
[32m[0325 11:08:07 @base.py:258][0m Epoch 175 (global_step 175000) finished, time:2 minutes 14 seconds.
[32m[0325 11:08:07 @saver.py:84][0m Model saved to log/model-175000.
[32m[0325 11:08:07 @monitor.py:386][0m QueueInput/queue_size: 50
[32m[0325 11:08:07 @monitor.py:386][0m learn_rate: 0.001
[32m[0325 11:08:07 @monitor.py:386][0m sigmoid_cross_entropy_loss/value: 0.25367
[32m[0325 11:08:07 @base.py:248][0m Start Epoch 176 ...
[32m[0325 11:10:23 @base.py:258][0m Epoch 176 (global_step 176000) finished, time:2 minutes 15 seconds.
[32m[0325 11:10:23 @saver.py:84][0m Model saved to log/model-176000.
[32m[0325 11:10:23 @monitor.py:386][0m QueueInput/queue_size: 50
[32m[0325 11:10:23 @monitor.py:386][0m learn_rate: 0.001
[32m[0325 11:10:23 @monitor.py:386][0m sigmoid_cross_entropy_loss/value: 0.24354
[32m[0325 11:10:23 @base.py:248][0m Start Epoch 177 ...
[32m[0325 11:12:39 @base.py:258][0m Epoch 177 (global_step 177000) finished, time:2 minutes 15 seconds.
[32m[0325 11:12:39 @saver.py:84][0m Model saved to log/model-177000.
[32m[0325 11:12:39 @monitor.py:386][0m QueueInput/queue_size: 50
[32m[0325 11:12:39 @monitor.py:386][0m learn_rate: 0.001
[32m[0325 11:12:39 @monitor.py:386][0m sigmoid_cross_entropy_loss/value: 0.21122
[32m[0325 11:12:39 @base.py:248][0m Start Epoch 178 ...
[32m[0325 11:14:54 @base.py:258][0m Epoch 178 (global_step 178000) finished, time:2 minutes 15 seconds.
[32m[0325 11:14:54 @saver.py:84][0m Model saved to log/model-178000.
[32m[0325 11:14:54 @monitor.py:386][0m QueueInput/queue_size: 50
[32m[0325 11:14:54 @monitor.py:386][0m learn_rate: 0.001
[32m[0325 11:14:54 @monitor.py:386][0m sigmoid_cross_entropy_loss/value: 0.21275
[32m[0325 11:14:54 @base.py:248][0m Start Epoch 179 ...
[32m[0325 11:17:11 @base.py:258][0m Epoch 179 (global_step 179000) finished, time:2 minutes 16 seconds.
[32m[0325 11:17:11 @saver.py:84][0m Model saved to log/model-179000.
[32m[0325 11:17:11 @monitor.py:386][0m QueueInput/queue_size: 50
[32m[0325 11:17:11 @monitor.py:386][0m learn_rate: 0.001
[32m[0325 11:17:11 @monitor.py:386][0m sigmoid_cross_entropy_loss/value: 0.24479
[32m[0325 11:17:11 @base.py:248][0m Start Epoch 180 ...
[32m[0325 11:19:28 @base.py:258][0m Epoch 180 (global_step 180000) finished, time:2 minutes 16 seconds.
[32m[0325 11:19:28 @saver.py:84][0m Model saved to log/model-180000.
[32m[0325 11:19:28 @monitor.py:386][0m QueueInput/queue_size: 50
[32m[0325 11:19:28 @monitor.py:386][0m learn_rate: 0.001
[32m[0325 11:19:28 @monitor.py:386][0m sigmoid_cross_entropy_loss/value: 0.24777
[32m[0325 11:19:28 @base.py:248][0m Start Epoch 181 ...
[32m[0325 11:21:44 @base.py:258][0m Epoch 181 (global_step 181000) finished, time:2 minutes 15 seconds.
[32m[0325 11:21:44 @saver.py:84][0m Model saved to log/model-181000.
[32m[0325 11:21:44 @monitor.py:386][0m QueueInput/queue_size: 50
[32m[0325 11:21:44 @monitor.py:386][0m learn_rate: 0.001
[32m[0325 11:21:44 @monitor.py:386][0m sigmoid_cross_entropy_loss/value: 0.25512
[32m[0325 11:21:44 @base.py:248][0m Start Epoch 182 ...
[32m[0325 11:23:59 @base.py:258][0m Epoch 182 (global_step 182000) finished, time:2 minutes 15 seconds.
[32m[0325 11:24:00 @saver.py:84][0m Model saved to log/model-182000.
[32m[0325 11:24:00 @monitor.py:386][0m QueueInput/queue_size: 50
[32m[0325 11:24:00 @monitor.py:386][0m learn_rate: 0.001
[32m[0325 11:24:00 @monitor.py:386][0m sigmoid_cross_entropy_loss/value: 0.25622
[32m[0325 11:24:00 @base.py:248][0m Start Epoch 183 ...
[32m[0325 11:26:16 @base.py:258][0m Epoch 183 (global_step 183000) finished, time:2 minutes 16 seconds.
[32m[0325 11:26:16 @saver.py:84][0m Model saved to log/model-183000.
[32m[0325 11:26:16 @monitor.py:386][0m QueueInput/queue_size: 50
[32m[0325 11:26:16 @monitor.py:386][0m learn_rate: 0.001
[32m[0325 11:26:16 @monitor.py:386][0m sigmoid_cross_entropy_loss/value: 0.26011
[32m[0325 11:26:16 @base.py:248][0m Start Epoch 184 ...
[32m[0325 11:28:33 @base.py:258][0m Epoch 184 (global_step 184000) finished, time:2 minutes 16 seconds.
[32m[0325 11:28:33 @saver.py:84][0m Model saved to log/model-184000.
[32m[0325 11:28:33 @monitor.py:386][0m QueueInput/queue_size: 50
[32m[0325 11:28:33 @monitor.py:386][0m learn_rate: 0.001
[32m[0325 11:28:33 @monitor.py:386][0m sigmoid_cross_entropy_loss/value: 0.25781
[32m[0325 11:28:33 @base.py:248][0m Start Epoch 185 ...
[32m[0325 11:30:49 @base.py:258][0m Epoch 185 (global_step 185000) finished, time:2 minutes 15 seconds.
[32m[0325 11:30:49 @saver.py:84][0m Model saved to log/model-185000.
[32m[0325 11:30:49 @monitor.py:386][0m QueueInput/queue_size: 50
[32m[0325 11:30:49 @monitor.py:386][0m learn_rate: 0.001
[32m[0325 11:30:49 @monitor.py:386][0m sigmoid_cross_entropy_loss/value: 0.25361
[32m[0325 11:30:49 @base.py:248][0m Start Epoch 186 ...
[32m[0325 11:33:06 @base.py:258][0m Epoch 186 (global_step 186000) finished, time:2 minutes 16 seconds.
[32m[0325 11:33:06 @saver.py:84][0m Model saved to log/model-186000.
[32m[0325 11:33:06 @monitor.py:386][0m QueueInput/queue_size: 50
[32m[0325 11:33:06 @monitor.py:386][0m learn_rate: 0.001
[32m[0325 11:33:06 @monitor.py:386][0m sigmoid_cross_entropy_loss/value: 0.2459
[32m[0325 11:33:06 @base.py:248][0m Start Epoch 187 ...
